{"/Users/home/code/project-x/savant-olympus/src/renderer/App.tsx": {"path":"/Users/home/code/project-x/savant-olympus/src/renderer/App.tsx","statementMap":{"0":{"start":{"line":26,"column":25},"end":{"line":26,"column":null}},"1":{"start":{"line":27,"column":26},"end":{"line":27,"column":null}},"2":{"start":{"line":28,"column":25},"end":{"line":28,"column":null}},"3":{"start":{"line":29,"column":26},"end":{"line":29,"column":null}},"4":{"start":{"line":30,"column":19},"end":{"line":30,"column":null}},"5":{"start":{"line":31,"column":19},"end":{"line":31,"column":null}},"6":{"start":{"line":32,"column":21},"end":{"line":32,"column":null}},"7":{"start":{"line":33,"column":20},"end":{"line":33,"column":null}},"8":{"start":{"line":34,"column":26},"end":{"line":34,"column":null}},"9":{"start":{"line":36,"column":20},"end":{"line":36,"column":null}},"10":{"start":{"line":37,"column":17},"end":{"line":37,"column":null}},"11":{"start":{"line":39,"column":8},"end":{"line":47,"column":null}},"12":{"start":{"line":40,"column":4},"end":{"line":46,"column":null}},"13":{"start":{"line":40,"column":24},"end":{"line":46,"column":15}},"14":{"start":{"line":49,"column":32},"end":{"line":57,"column":null}},"15":{"start":{"line":50,"column":27},"end":{"line":50,"column":null}},"16":{"start":{"line":51,"column":10},"end":{"line":51,"column":null}},"17":{"start":{"line":52,"column":4},"end":{"line":54,"column":null}},"18":{"start":{"line":53,"column":6},"end":{"line":53,"column":null}},"19":{"start":{"line":55,"column":4},"end":{"line":55,"column":null}},"20":{"start":{"line":56,"column":4},"end":{"line":56,"column":null}},"21":{"start":{"line":59,"column":31},"end":{"line":73,"column":null}},"22":{"start":{"line":60,"column":28},"end":{"line":60,"column":null}},"23":{"start":{"line":62,"column":4},"end":{"line":68,"column":null}},"24":{"start":{"line":63,"column":6},"end":{"line":65,"column":null}},"25":{"start":{"line":67,"column":6},"end":{"line":67,"column":null}},"26":{"start":{"line":69,"column":4},"end":{"line":71,"column":null}},"27":{"start":{"line":70,"column":6},"end":{"line":70,"column":null}},"28":{"start":{"line":72,"column":4},"end":{"line":72,"column":null}},"29":{"start":{"line":75,"column":28},"end":{"line":100,"column":null}},"30":{"start":{"line":76,"column":4},"end":{"line":76,"column":null}},"31":{"start":{"line":77,"column":4},"end":{"line":77,"column":null}},"32":{"start":{"line":78,"column":4},"end":{"line":78,"column":null}},"33":{"start":{"line":79,"column":4},"end":{"line":79,"column":null}},"34":{"start":{"line":80,"column":4},"end":{"line":80,"column":null}},"35":{"start":{"line":82,"column":23},"end":{"line":82,"column":null}},"36":{"start":{"line":83,"column":27},"end":{"line":83,"column":null}},"37":{"start":{"line":85,"column":4},"end":{"line":94,"column":null}},"38":{"start":{"line":86,"column":6},"end":{"line":91,"column":null}},"39":{"start":{"line":87,"column":20},"end":{"line":87,"column":null}},"40":{"start":{"line":88,"column":8},"end":{"line":88,"column":null}},"41":{"start":{"line":90,"column":8},"end":{"line":90,"column":null}},"42":{"start":{"line":93,"column":6},"end":{"line":93,"column":null}},"43":{"start":{"line":96,"column":4},"end":{"line":96,"column":null}},"44":{"start":{"line":97,"column":4},"end":{"line":97,"column":null}},"45":{"start":{"line":98,"column":4},"end":{"line":98,"column":null}},"46":{"start":{"line":99,"column":4},"end":{"line":99,"column":null}},"47":{"start":{"line":99,"column":21},"end":{"line":99,"column":47}},"48":{"start":{"line":102,"column":2},"end":{"line":143,"column":null}},"49":{"start":{"line":103,"column":17},"end":{"line":141,"column":null}},"50":{"start":{"line":104,"column":6},"end":{"line":104,"column":null}},"51":{"start":{"line":105,"column":6},"end":{"line":105,"column":null}},"52":{"start":{"line":107,"column":29},"end":{"line":107,"column":null}},"53":{"start":{"line":108,"column":12},"end":{"line":108,"column":null}},"54":{"start":{"line":109,"column":30},"end":{"line":109,"column":null}},"55":{"start":{"line":110,"column":30},"end":{"line":110,"column":null}},"56":{"start":{"line":112,"column":6},"end":{"line":117,"column":null}},"57":{"start":{"line":113,"column":8},"end":{"line":113,"column":null}},"58":{"start":{"line":114,"column":8},"end":{"line":114,"column":null}},"59":{"start":{"line":115,"column":8},"end":{"line":115,"column":null}},"60":{"start":{"line":116,"column":8},"end":{"line":116,"column":null}},"61":{"start":{"line":119,"column":6},"end":{"line":132,"column":null}},"62":{"start":{"line":120,"column":21},"end":{"line":120,"column":null}},"63":{"start":{"line":121,"column":8},"end":{"line":124,"column":null}},"64":{"start":{"line":122,"column":10},"end":{"line":122,"column":null}},"65":{"start":{"line":123,"column":10},"end":{"line":123,"column":null}},"66":{"start":{"line":126,"column":8},"end":{"line":126,"column":null}},"67":{"start":{"line":127,"column":8},"end":{"line":127,"column":null}},"68":{"start":{"line":128,"column":8},"end":{"line":128,"column":null}},"69":{"start":{"line":129,"column":8},"end":{"line":129,"column":null}},"70":{"start":{"line":130,"column":8},"end":{"line":130,"column":null}},"71":{"start":{"line":131,"column":8},"end":{"line":131,"column":null}},"72":{"start":{"line":134,"column":6},"end":{"line":134,"column":null}},"73":{"start":{"line":135,"column":6},"end":{"line":138,"column":null}},"74":{"start":{"line":136,"column":8},"end":{"line":136,"column":null}},"75":{"start":{"line":137,"column":8},"end":{"line":137,"column":null}},"76":{"start":{"line":139,"column":6},"end":{"line":139,"column":null}},"77":{"start":{"line":140,"column":6},"end":{"line":140,"column":null}},"78":{"start":{"line":142,"column":4},"end":{"line":142,"column":null}},"79":{"start":{"line":145,"column":22},"end":{"line":158,"column":null}},"80":{"start":{"line":146,"column":20},"end":{"line":146,"column":null}},"81":{"start":{"line":147,"column":27},"end":{"line":147,"column":null}},"82":{"start":{"line":148,"column":17},"end":{"line":148,"column":null}},"83":{"start":{"line":149,"column":4},"end":{"line":149,"column":null}},"84":{"start":{"line":150,"column":4},"end":{"line":150,"column":null}},"85":{"start":{"line":151,"column":4},"end":{"line":154,"column":null}},"86":{"start":{"line":152,"column":6},"end":{"line":152,"column":null}},"87":{"start":{"line":153,"column":6},"end":{"line":153,"column":null}},"88":{"start":{"line":155,"column":4},"end":{"line":155,"column":null}},"89":{"start":{"line":156,"column":4},"end":{"line":156,"column":null}},"90":{"start":{"line":157,"column":4},"end":{"line":157,"column":null}},"91":{"start":{"line":160,"column":23},"end":{"line":169,"column":null}},"92":{"start":{"line":161,"column":4},"end":{"line":161,"column":null}},"93":{"start":{"line":162,"column":4},"end":{"line":162,"column":null}},"94":{"start":{"line":163,"column":4},"end":{"line":163,"column":null}},"95":{"start":{"line":164,"column":4},"end":{"line":164,"column":null}},"96":{"start":{"line":165,"column":4},"end":{"line":165,"column":null}},"97":{"start":{"line":165,"column":25},"end":{"line":165,"column":56}},"98":{"start":{"line":166,"column":4},"end":{"line":166,"column":null}},"99":{"start":{"line":167,"column":4},"end":{"line":167,"column":null}},"100":{"start":{"line":168,"column":4},"end":{"line":168,"column":null}},"101":{"start":{"line":171,"column":2},"end":{"line":173,"column":null}},"102":{"start":{"line":172,"column":4},"end":{"line":172,"column":null}},"103":{"start":{"line":175,"column":2},"end":{"line":177,"column":null}},"104":{"start":{"line":176,"column":4},"end":{"line":176,"column":null}},"105":{"start":{"line":179,"column":2},"end":{"line":232,"column":null}}},"fnMap":{"0":{"name":"App","decl":{"start":{"line":25,"column":24},"end":{"line":25,"column":30}},"loc":{"start":{"line":25,"column":30},"end":{"line":234,"column":null}},"line":25},"1":{"name":"(anonymous_1)","decl":{"start":{"line":39,"column":8},"end":{"line":39,"column":23}},"loc":{"start":{"line":39,"column":94},"end":{"line":47,"column":null}},"line":39},"2":{"name":"(anonymous_2)","decl":{"start":{"line":40,"column":4},"end":{"line":40,"column":16}},"loc":{"start":{"line":40,"column":24},"end":{"line":46,"column":15}},"line":40},"3":{"name":"(anonymous_3)","decl":{"start":{"line":49,"column":32},"end":{"line":49,"column":44}},"loc":{"start":{"line":49,"column":44},"end":{"line":57,"column":null}},"line":49},"4":{"name":"(anonymous_4)","decl":{"start":{"line":59,"column":31},"end":{"line":59,"column":38}},"loc":{"start":{"line":59,"column":103},"end":{"line":73,"column":null}},"line":59},"5":{"name":"(anonymous_5)","decl":{"start":{"line":75,"column":28},"end":{"line":75,"column":35}},"loc":{"start":{"line":75,"column":75},"end":{"line":100,"column":null}},"line":75},"6":{"name":"(anonymous_6)","decl":{"start":{"line":99,"column":4},"end":{"line":99,"column":21}},"loc":{"start":{"line":99,"column":21},"end":{"line":99,"column":47}},"line":99},"7":{"name":"(anonymous_7)","decl":{"start":{"line":102,"column":2},"end":{"line":102,"column":18}},"loc":{"start":{"line":102,"column":18},"end":{"line":143,"column":5}},"line":102},"8":{"name":"(anonymous_8)","decl":{"start":{"line":103,"column":17},"end":{"line":103,"column":29}},"loc":{"start":{"line":103,"column":29},"end":{"line":141,"column":null}},"line":103},"9":{"name":"(anonymous_9)","decl":{"start":{"line":145,"column":22},"end":{"line":145,"column":29}},"loc":{"start":{"line":145,"column":57},"end":{"line":158,"column":null}},"line":145},"10":{"name":"(anonymous_10)","decl":{"start":{"line":160,"column":23},"end":{"line":160,"column":35}},"loc":{"start":{"line":160,"column":35},"end":{"line":169,"column":null}},"line":160},"11":{"name":"(anonymous_11)","decl":{"start":{"line":165,"column":4},"end":{"line":165,"column":16}},"loc":{"start":{"line":165,"column":25},"end":{"line":165,"column":56}},"line":165}},"branchMap":{"0":{"loc":{"start":{"line":36,"column":20},"end":{"line":36,"column":null}},"type":"binary-expr","locations":[{"start":{"line":36,"column":20},"end":{"line":36,"column":54}},{"start":{"line":36,"column":54},"end":{"line":36,"column":null}}],"line":36},"1":{"loc":{"start":{"line":37,"column":17},"end":{"line":37,"column":null}},"type":"binary-expr","locations":[{"start":{"line":37,"column":17},"end":{"line":37,"column":44}},{"start":{"line":37,"column":26},"end":{"line":37,"column":65}},{"start":{"line":37,"column":65},"end":{"line":37,"column":null}}],"line":37},"2":{"loc":{"start":{"line":39,"column":55},"end":{"line":39,"column":94}},"type":"default-arg","locations":[{"start":{"line":39,"column":80},"end":{"line":39,"column":94}}],"line":39},"3":{"loc":{"start":{"line":52,"column":4},"end":{"line":54,"column":null}},"type":"if","locations":[{"start":{"line":52,"column":4},"end":{"line":54,"column":null}},{"start":{},"end":{}}],"line":52},"4":{"loc":{"start":{"line":52,"column":8},"end":{"line":52,"column":70}},"type":"binary-expr","locations":[{"start":{"line":52,"column":8},"end":{"line":52,"column":23}},{"start":{"line":52,"column":23},"end":{"line":52,"column":70}}],"line":52},"5":{"loc":{"start":{"line":60,"column":28},"end":{"line":60,"column":null}},"type":"binary-expr","locations":[{"start":{"line":60,"column":28},"end":{"line":60,"column":68}},{"start":{"line":60,"column":68},"end":{"line":60,"column":null}}],"line":60},"6":{"loc":{"start":{"line":69,"column":4},"end":{"line":71,"column":null}},"type":"if","locations":[{"start":{"line":69,"column":4},"end":{"line":71,"column":null}},{"start":{},"end":{}}],"line":69},"7":{"loc":{"start":{"line":70,"column":22},"end":{"line":70,"column":111}},"type":"cond-expr","locations":[{"start":{"line":70,"column":43},"end":{"line":70,"column":71}},{"start":{"line":70,"column":71},"end":{"line":70,"column":111}}],"line":70},"8":{"loc":{"start":{"line":82,"column":23},"end":{"line":82,"column":null}},"type":"binary-expr","locations":[{"start":{"line":82,"column":23},"end":{"line":82,"column":64}},{"start":{"line":82,"column":64},"end":{"line":82,"column":null}}],"line":82},"9":{"loc":{"start":{"line":85,"column":4},"end":{"line":94,"column":null}},"type":"if","locations":[{"start":{"line":85,"column":4},"end":{"line":94,"column":null}},{"start":{"line":92,"column":11},"end":{"line":94,"column":null}}],"line":85},"10":{"loc":{"start":{"line":88,"column":30},"end":{"line":88,"column":132}},"type":"cond-expr","locations":[{"start":{"line":88,"column":39},"end":{"line":88,"column":84}},{"start":{"line":88,"column":84},"end":{"line":88,"column":132}}],"line":88},"11":{"loc":{"start":{"line":88,"column":132},"end":{"line":88,"column":167}},"type":"cond-expr","locations":[{"start":{"line":88,"column":141},"end":{"line":88,"column":158}},{"start":{"line":88,"column":158},"end":{"line":88,"column":167}}],"line":88},"12":{"loc":{"start":{"line":109,"column":37},"end":{"line":109,"column":72}},"type":"binary-expr","locations":[{"start":{"line":109,"column":37},"end":{"line":109,"column":70}},{"start":{"line":109,"column":70},"end":{"line":109,"column":72}}],"line":109},"13":{"loc":{"start":{"line":110,"column":30},"end":{"line":110,"column":null}},"type":"binary-expr","locations":[{"start":{"line":110,"column":30},"end":{"line":110,"column":45}},{"start":{"line":110,"column":45},"end":{"line":110,"column":null}}],"line":110},"14":{"loc":{"start":{"line":112,"column":6},"end":{"line":117,"column":null}},"type":"if","locations":[{"start":{"line":112,"column":6},"end":{"line":117,"column":null}},{"start":{},"end":{}}],"line":112},"15":{"loc":{"start":{"line":121,"column":8},"end":{"line":124,"column":null}},"type":"if","locations":[{"start":{"line":121,"column":8},"end":{"line":124,"column":null}},{"start":{},"end":{}}],"line":121},"16":{"loc":{"start":{"line":121,"column":12},"end":{"line":121,"column":56}},"type":"binary-expr","locations":[{"start":{"line":121,"column":12},"end":{"line":121,"column":26}},{"start":{"line":121,"column":26},"end":{"line":121,"column":56}}],"line":121},"17":{"loc":{"start":{"line":135,"column":6},"end":{"line":138,"column":null}},"type":"if","locations":[{"start":{"line":135,"column":6},"end":{"line":138,"column":null}},{"start":{},"end":{}}],"line":135},"18":{"loc":{"start":{"line":151,"column":4},"end":{"line":154,"column":null}},"type":"if","locations":[{"start":{"line":151,"column":4},"end":{"line":154,"column":null}},{"start":{},"end":{}}],"line":151},"19":{"loc":{"start":{"line":171,"column":2},"end":{"line":173,"column":null}},"type":"if","locations":[{"start":{"line":171,"column":2},"end":{"line":173,"column":null}},{"start":{},"end":{}}],"line":171},"20":{"loc":{"start":{"line":175,"column":2},"end":{"line":177,"column":null}},"type":"if","locations":[{"start":{"line":175,"column":2},"end":{"line":177,"column":null}},{"start":{},"end":{}}],"line":175},"21":{"loc":{"start":{"line":175,"column":6},"end":{"line":175,"column":46}},"type":"binary-expr","locations":[{"start":{"line":175,"column":6},"end":{"line":175,"column":26}},{"start":{"line":175,"column":26},"end":{"line":175,"column":46}}],"line":175},"22":{"loc":{"start":{"line":202,"column":11},"end":{"line":217,"column":null}},"type":"cond-expr","locations":[{"start":{"line":203,"column":12},"end":{"line":204,"column":28}},{"start":{"line":204,"column":14},"end":{"line":217,"column":null}}],"line":202},"23":{"loc":{"start":{"line":204,"column":14},"end":{"line":217,"column":null}},"type":"cond-expr","locations":[{"start":{"line":205,"column":12},"end":{"line":206,"column":28}},{"start":{"line":206,"column":14},"end":{"line":217,"column":null}}],"line":204},"24":{"loc":{"start":{"line":206,"column":14},"end":{"line":217,"column":null}},"type":"cond-expr","locations":[{"start":{"line":207,"column":12},"end":{"line":208,"column":28}},{"start":{"line":208,"column":14},"end":{"line":217,"column":null}}],"line":206},"25":{"loc":{"start":{"line":208,"column":14},"end":{"line":217,"column":null}},"type":"cond-expr","locations":[{"start":{"line":209,"column":12},"end":{"line":210,"column":28}},{"start":{"line":210,"column":14},"end":{"line":217,"column":null}}],"line":208},"26":{"loc":{"start":{"line":210,"column":14},"end":{"line":217,"column":null}},"type":"cond-expr","locations":[{"start":{"line":211,"column":12},"end":{"line":212,"column":28}},{"start":{"line":212,"column":14},"end":{"line":217,"column":null}}],"line":210},"27":{"loc":{"start":{"line":212,"column":14},"end":{"line":217,"column":null}},"type":"cond-expr","locations":[{"start":{"line":213,"column":12},"end":{"line":214,"column":28}},{"start":{"line":214,"column":14},"end":{"line":217,"column":null}}],"line":212},"28":{"loc":{"start":{"line":214,"column":14},"end":{"line":217,"column":null}},"type":"cond-expr","locations":[{"start":{"line":215,"column":12},"end":{"line":217,"column":13}},{"start":{"line":217,"column":12},"end":{"line":217,"column":null}}],"line":214}},"s":{"0":12,"1":12,"2":12,"3":12,"4":12,"5":12,"6":12,"7":12,"8":12,"9":12,"10":12,"11":12,"12":3,"13":3,"14":12,"15":0,"16":0,"17":0,"18":0,"19":0,"20":0,"21":12,"22":3,"23":3,"24":3,"25":0,"26":3,"27":0,"28":3,"29":12,"30":3,"31":3,"32":3,"33":3,"34":3,"35":3,"36":3,"37":3,"38":3,"39":3,"40":3,"41":0,"42":0,"43":3,"44":3,"45":3,"46":3,"47":3,"48":12,"49":3,"50":3,"51":3,"52":3,"53":3,"54":3,"55":3,"56":3,"57":0,"58":0,"59":0,"60":0,"61":3,"62":3,"63":3,"64":0,"65":0,"66":0,"67":0,"68":0,"69":0,"70":0,"71":0,"72":3,"73":3,"74":0,"75":0,"76":3,"77":3,"78":3,"79":12,"80":0,"81":0,"82":0,"83":0,"84":0,"85":0,"86":0,"87":0,"88":0,"89":0,"90":0,"91":12,"92":0,"93":0,"94":0,"95":0,"96":0,"97":0,"98":0,"99":0,"100":0,"101":12,"102":9,"103":3,"104":0,"105":3},"f":{"0":12,"1":3,"2":3,"3":0,"4":3,"5":3,"6":3,"7":3,"8":3,"9":0,"10":0,"11":0},"b":{"0":[12,12],"1":[12,6,0],"2":[3],"3":[0,0],"4":[0,0],"5":[3,3],"6":[0,3],"7":[0,0],"8":[3,3],"9":[3,0],"10":[3,0],"11":[3,0],"12":[3,0],"13":[3,0],"14":[0,3],"15":[0,3],"16":[3,3],"17":[0,3],"18":[0,0],"19":[9,3],"20":[0,3],"21":[3,3],"22":[3,0],"23":[0,0],"24":[0,0],"25":[0,0],"26":[0,0],"27":[0,0],"28":[0,0]},"meta":{"lastBranch":29,"lastFunction":12,"lastStatement":106,"seen":{"f:25:24:25:30":0,"s:26:25:26:Infinity":0,"s:27:26:27:Infinity":1,"s:28:25:28:Infinity":2,"s:29:26:29:Infinity":3,"s:30:19:30:Infinity":4,"s:31:19:31:Infinity":5,"s:32:21:32:Infinity":6,"s:33:20:33:Infinity":7,"s:34:26:34:Infinity":8,"s:36:20:36:Infinity":9,"b:36:20:36:54:36:54:36:Infinity":0,"s:37:17:37:Infinity":10,"b:37:17:37:44:37:26:37:65:37:65:37:Infinity":1,"s:39:8:47:Infinity":11,"f:39:8:39:23":1,"b:39:80:39:94":2,"s:40:4:46:Infinity":12,"f:40:4:40:16":2,"s:40:24:46:15":13,"s:49:32:57:Infinity":14,"f:49:32:49:44":3,"s:50:27:50:Infinity":15,"s:51:10:51:Infinity":16,"b:52:4:54:Infinity:undefined:undefined:undefined:undefined":3,"s:52:4:54:Infinity":17,"b:52:8:52:23:52:23:52:70":4,"s:53:6:53:Infinity":18,"s:55:4:55:Infinity":19,"s:56:4:56:Infinity":20,"s:59:31:73:Infinity":21,"f:59:31:59:38":4,"s:60:28:60:Infinity":22,"b:60:28:60:68:60:68:60:Infinity":5,"s:62:4:68:Infinity":23,"s:63:6:65:Infinity":24,"s:67:6:67:Infinity":25,"b:69:4:71:Infinity:undefined:undefined:undefined:undefined":6,"s:69:4:71:Infinity":26,"s:70:6:70:Infinity":27,"b:70:43:70:71:70:71:70:111":7,"s:72:4:72:Infinity":28,"s:75:28:100:Infinity":29,"f:75:28:75:35":5,"s:76:4:76:Infinity":30,"s:77:4:77:Infinity":31,"s:78:4:78:Infinity":32,"s:79:4:79:Infinity":33,"s:80:4:80:Infinity":34,"s:82:23:82:Infinity":35,"b:82:23:82:64:82:64:82:Infinity":8,"s:83:27:83:Infinity":36,"b:85:4:94:Infinity:92:11:94:Infinity":9,"s:85:4:94:Infinity":37,"s:86:6:91:Infinity":38,"s:87:20:87:Infinity":39,"s:88:8:88:Infinity":40,"b:88:39:88:84:88:84:88:132":10,"b:88:141:88:158:88:158:88:167":11,"s:90:8:90:Infinity":41,"s:93:6:93:Infinity":42,"s:96:4:96:Infinity":43,"s:97:4:97:Infinity":44,"s:98:4:98:Infinity":45,"s:99:4:99:Infinity":46,"f:99:4:99:21":6,"s:99:21:99:47":47,"s:102:2:143:Infinity":48,"f:102:2:102:18":7,"s:103:17:141:Infinity":49,"f:103:17:103:29":8,"s:104:6:104:Infinity":50,"s:105:6:105:Infinity":51,"s:107:29:107:Infinity":52,"s:108:12:108:Infinity":53,"s:109:30:109:Infinity":54,"b:109:37:109:70:109:70:109:72":12,"s:110:30:110:Infinity":55,"b:110:30:110:45:110:45:110:Infinity":13,"b:112:6:117:Infinity:undefined:undefined:undefined:undefined":14,"s:112:6:117:Infinity":56,"s:113:8:113:Infinity":57,"s:114:8:114:Infinity":58,"s:115:8:115:Infinity":59,"s:116:8:116:Infinity":60,"s:119:6:132:Infinity":61,"s:120:21:120:Infinity":62,"b:121:8:124:Infinity:undefined:undefined:undefined:undefined":15,"s:121:8:124:Infinity":63,"b:121:12:121:26:121:26:121:56":16,"s:122:10:122:Infinity":64,"s:123:10:123:Infinity":65,"s:126:8:126:Infinity":66,"s:127:8:127:Infinity":67,"s:128:8:128:Infinity":68,"s:129:8:129:Infinity":69,"s:130:8:130:Infinity":70,"s:131:8:131:Infinity":71,"s:134:6:134:Infinity":72,"b:135:6:138:Infinity:undefined:undefined:undefined:undefined":17,"s:135:6:138:Infinity":73,"s:136:8:136:Infinity":74,"s:137:8:137:Infinity":75,"s:139:6:139:Infinity":76,"s:140:6:140:Infinity":77,"s:142:4:142:Infinity":78,"s:145:22:158:Infinity":79,"f:145:22:145:29":9,"s:146:20:146:Infinity":80,"s:147:27:147:Infinity":81,"s:148:17:148:Infinity":82,"s:149:4:149:Infinity":83,"s:150:4:150:Infinity":84,"b:151:4:154:Infinity:undefined:undefined:undefined:undefined":18,"s:151:4:154:Infinity":85,"s:152:6:152:Infinity":86,"s:153:6:153:Infinity":87,"s:155:4:155:Infinity":88,"s:156:4:156:Infinity":89,"s:157:4:157:Infinity":90,"s:160:23:169:Infinity":91,"f:160:23:160:35":10,"s:161:4:161:Infinity":92,"s:162:4:162:Infinity":93,"s:163:4:163:Infinity":94,"s:164:4:164:Infinity":95,"s:165:4:165:Infinity":96,"f:165:4:165:16":11,"s:165:25:165:56":97,"s:166:4:166:Infinity":98,"s:167:4:167:Infinity":99,"s:168:4:168:Infinity":100,"b:171:2:173:Infinity:undefined:undefined:undefined:undefined":19,"s:171:2:173:Infinity":101,"s:172:4:172:Infinity":102,"b:175:2:177:Infinity:undefined:undefined:undefined:undefined":20,"s:175:2:177:Infinity":103,"b:175:6:175:26:175:26:175:46":21,"s:176:4:176:Infinity":104,"s:179:2:232:Infinity":105,"b:203:12:204:28:204:14:217:Infinity":22,"b:205:12:206:28:206:14:217:Infinity":23,"b:207:12:208:28:208:14:217:Infinity":24,"b:209:12:210:28:210:14:217:Infinity":25,"b:211:12:212:28:212:14:217:Infinity":26,"b:213:12:214:28:214:14:217:Infinity":27,"b:215:12:217:13:217:12:217:Infinity":28}}}
,"/Users/home/code/project-x/savant-olympus/src/renderer/components/BottomBar.tsx": {"path":"/Users/home/code/project-x/savant-olympus/src/renderer/components/BottomBar.tsx","statementMap":{"0":{"start":{"line":10,"column":22},"end":{"line":14,"column":null}},"1":{"start":{"line":17,"column":19},"end":{"line":17,"column":null}},"2":{"start":{"line":18,"column":24},"end":{"line":18,"column":null}},"3":{"start":{"line":19,"column":23},"end":{"line":19,"column":null}},"4":{"start":{"line":20,"column":21},"end":{"line":20,"column":null}},"5":{"start":{"line":21,"column":19},"end":{"line":21,"column":null}},"6":{"start":{"line":23,"column":2},"end":{"line":89,"column":null}},"7":{"start":{"line":24,"column":26},"end":{"line":84,"column":null}},"8":{"start":{"line":25,"column":17},"end":{"line":25,"column":null}},"9":{"start":{"line":26,"column":16},"end":{"line":26,"column":null}},"10":{"start":{"line":27,"column":17},"end":{"line":27,"column":null}},"11":{"start":{"line":28,"column":21},"end":{"line":28,"column":null}},"12":{"start":{"line":29,"column":17},"end":{"line":29,"column":null}},"13":{"start":{"line":31,"column":6},"end":{"line":50,"column":null}},"14":{"start":{"line":32,"column":25},"end":{"line":32,"column":null}},"15":{"start":{"line":33,"column":23},"end":{"line":33,"column":null}},"16":{"start":{"line":33,"column":65},"end":{"line":33,"column":75}},"17":{"start":{"line":34,"column":8},"end":{"line":34,"column":null}},"18":{"start":{"line":36,"column":8},"end":{"line":38,"column":null}},"19":{"start":{"line":37,"column":10},"end":{"line":37,"column":null}},"20":{"start":{"line":40,"column":8},"end":{"line":43,"column":null}},"21":{"start":{"line":41,"column":10},"end":{"line":41,"column":null}},"22":{"start":{"line":42,"column":10},"end":{"line":42,"column":null}},"23":{"start":{"line":45,"column":8},"end":{"line":47,"column":null}},"24":{"start":{"line":46,"column":10},"end":{"line":46,"column":null}},"25":{"start":{"line":49,"column":8},"end":{"line":49,"column":null}},"26":{"start":{"line":51,"column":6},"end":{"line":51,"column":null}},"27":{"start":{"line":52,"column":6},"end":{"line":52,"column":null}},"28":{"start":{"line":54,"column":6},"end":{"line":66,"column":null}},"29":{"start":{"line":55,"column":8},"end":{"line":63,"column":null}},"30":{"start":{"line":56,"column":29},"end":{"line":56,"column":null}},"31":{"start":{"line":57,"column":21},"end":{"line":57,"column":null}},"32":{"start":{"line":57,"column":38},"end":{"line":57,"column":58}},"33":{"start":{"line":58,"column":22},"end":{"line":58,"column":null}},"34":{"start":{"line":59,"column":10},"end":{"line":59,"column":null}},"35":{"start":{"line":60,"column":10},"end":{"line":60,"column":null}},"36":{"start":{"line":62,"column":10},"end":{"line":62,"column":null}},"37":{"start":{"line":65,"column":8},"end":{"line":65,"column":null}},"38":{"start":{"line":68,"column":6},"end":{"line":76,"column":null}},"39":{"start":{"line":69,"column":27},"end":{"line":69,"column":null}},"40":{"start":{"line":70,"column":19},"end":{"line":70,"column":null}},"41":{"start":{"line":70,"column":36},"end":{"line":70,"column":56}},"42":{"start":{"line":71,"column":20},"end":{"line":71,"column":null}},"43":{"start":{"line":72,"column":8},"end":{"line":72,"column":null}},"44":{"start":{"line":73,"column":8},"end":{"line":73,"column":null}},"45":{"start":{"line":75,"column":8},"end":{"line":75,"column":null}},"46":{"start":{"line":78,"column":6},"end":{"line":83,"column":null}},"47":{"start":{"line":79,"column":23},"end":{"line":79,"column":null}},"48":{"start":{"line":80,"column":8},"end":{"line":80,"column":null}},"49":{"start":{"line":82,"column":8},"end":{"line":82,"column":null}},"50":{"start":{"line":86,"column":4},"end":{"line":86,"column":null}},"51":{"start":{"line":87,"column":21},"end":{"line":87,"column":null}},"52":{"start":{"line":88,"column":4},"end":{"line":88,"column":null}},"53":{"start":{"line":88,"column":17},"end":{"line":88,"column":null}},"54":{"start":{"line":91,"column":36},"end":{"line":97,"column":null}},"55":{"start":{"line":99,"column":2},"end":{"line":147,"column":null}},"56":{"start":{"line":109,"column":8},"end":{"line":135,"column":null}}},"fnMap":{"0":{"name":"BottomBar","decl":{"start":{"line":16,"column":16},"end":{"line":16,"column":28}},"loc":{"start":{"line":16,"column":28},"end":{"line":149,"column":null}},"line":16},"1":{"name":"(anonymous_1)","decl":{"start":{"line":23,"column":2},"end":{"line":23,"column":18}},"loc":{"start":{"line":23,"column":18},"end":{"line":89,"column":5}},"line":23},"2":{"name":"(anonymous_2)","decl":{"start":{"line":24,"column":26},"end":{"line":24,"column":38}},"loc":{"start":{"line":24,"column":38},"end":{"line":84,"column":null}},"line":24},"3":{"name":"(anonymous_3)","decl":{"start":{"line":33,"column":53},"end":{"line":33,"column":65}},"loc":{"start":{"line":33,"column":65},"end":{"line":33,"column":75}},"line":33},"4":{"name":"(anonymous_4)","decl":{"start":{"line":57,"column":21},"end":{"line":57,"column":38}},"loc":{"start":{"line":57,"column":38},"end":{"line":57,"column":58}},"line":57},"5":{"name":"(anonymous_5)","decl":{"start":{"line":70,"column":19},"end":{"line":70,"column":36}},"loc":{"start":{"line":70,"column":36},"end":{"line":70,"column":56}},"line":70},"6":{"name":"(anonymous_6)","decl":{"start":{"line":88,"column":4},"end":{"line":88,"column":17}},"loc":{"start":{"line":88,"column":17},"end":{"line":88,"column":null}},"line":88},"7":{"name":"(anonymous_7)","decl":{"start":{"line":108,"column":20},"end":{"line":108,"column":25}},"loc":{"start":{"line":109,"column":8},"end":{"line":135,"column":null}},"line":109}},"branchMap":{"0":{"loc":{"start":{"line":34,"column":15},"end":{"line":34,"column":null}},"type":"binary-expr","locations":[{"start":{"line":34,"column":15},"end":{"line":34,"column":40}},{"start":{"line":34,"column":40},"end":{"line":34,"column":50}},{"start":{"line":34,"column":50},"end":{"line":34,"column":null}}],"line":34},"1":{"loc":{"start":{"line":36,"column":8},"end":{"line":38,"column":null}},"type":"if","locations":[{"start":{"line":36,"column":8},"end":{"line":38,"column":null}},{"start":{},"end":{}}],"line":36},"2":{"loc":{"start":{"line":40,"column":8},"end":{"line":43,"column":null}},"type":"if","locations":[{"start":{"line":40,"column":8},"end":{"line":43,"column":null}},{"start":{},"end":{}}],"line":40},"3":{"loc":{"start":{"line":41,"column":17},"end":{"line":41,"column":null}},"type":"binary-expr","locations":[{"start":{"line":41,"column":17},"end":{"line":41,"column":51}},{"start":{"line":41,"column":51},"end":{"line":41,"column":null}}],"line":41},"4":{"loc":{"start":{"line":45,"column":8},"end":{"line":47,"column":null}},"type":"if","locations":[{"start":{"line":45,"column":8},"end":{"line":47,"column":null}},{"start":{},"end":{}}],"line":45},"5":{"loc":{"start":{"line":46,"column":17},"end":{"line":46,"column":null}},"type":"binary-expr","locations":[{"start":{"line":46,"column":17},"end":{"line":46,"column":50}},{"start":{"line":46,"column":50},"end":{"line":46,"column":null}}],"line":46},"6":{"loc":{"start":{"line":54,"column":6},"end":{"line":66,"column":null}},"type":"if","locations":[{"start":{"line":54,"column":6},"end":{"line":66,"column":null}},{"start":{"line":64,"column":13},"end":{"line":66,"column":null}}],"line":54},"7":{"loc":{"start":{"line":60,"column":27},"end":{"line":60,"column":56}},"type":"cond-expr","locations":[{"start":{"line":60,"column":36},"end":{"line":60,"column":47}},{"start":{"line":60,"column":47},"end":{"line":60,"column":56}}],"line":60},"8":{"loc":{"start":{"line":73,"column":24},"end":{"line":73,"column":53}},"type":"cond-expr","locations":[{"start":{"line":73,"column":33},"end":{"line":73,"column":44}},{"start":{"line":73,"column":44},"end":{"line":73,"column":53}}],"line":73},"9":{"loc":{"start":{"line":80,"column":20},"end":{"line":80,"column":68}},"type":"cond-expr","locations":[{"start":{"line":80,"column":45},"end":{"line":80,"column":59}},{"start":{"line":80,"column":59},"end":{"line":80,"column":68}}],"line":80},"10":{"loc":{"start":{"line":93,"column":32},"end":{"line":93,"column":83}},"type":"cond-expr","locations":[{"start":{"line":93,"column":61},"end":{"line":93,"column":72}},{"start":{"line":93,"column":72},"end":{"line":93,"column":83}}],"line":93},"11":{"loc":{"start":{"line":94,"column":31},"end":{"line":94,"column":81}},"type":"cond-expr","locations":[{"start":{"line":94,"column":59},"end":{"line":94,"column":70}},{"start":{"line":94,"column":70},"end":{"line":94,"column":81}}],"line":94},"12":{"loc":{"start":{"line":96,"column":27},"end":{"line":96,"column":76}},"type":"cond-expr","locations":[{"start":{"line":96,"column":54},"end":{"line":96,"column":65}},{"start":{"line":96,"column":65},"end":{"line":96,"column":76}}],"line":96},"13":{"loc":{"start":{"line":129,"column":21},"end":{"line":129,"column":null}},"type":"cond-expr","locations":[{"start":{"line":129,"column":49},"end":{"line":129,"column":70}},{"start":{"line":129,"column":70},"end":{"line":129,"column":null}}],"line":129}},"s":{"0":2,"1":10,"2":10,"3":10,"4":10,"5":10,"6":10,"7":4,"8":4,"9":4,"10":4,"11":4,"12":4,"13":4,"14":4,"15":4,"16":0,"17":4,"18":4,"19":1,"20":4,"21":1,"22":1,"23":4,"24":1,"25":0,"26":4,"27":4,"28":4,"29":4,"30":4,"31":4,"32":0,"33":4,"34":4,"35":4,"36":0,"37":0,"38":4,"39":4,"40":4,"41":0,"42":4,"43":4,"44":4,"45":0,"46":4,"47":4,"48":4,"49":0,"50":4,"51":4,"52":4,"53":4,"54":10,"55":10,"56":50},"f":{"0":10,"1":4,"2":4,"3":0,"4":0,"5":0,"6":4,"7":50},"b":{"0":[4,0,0],"1":[1,3],"2":[1,3],"3":[1,0],"4":[1,3],"5":[1,0],"6":[4,0],"7":[4,0],"8":[4,0],"9":[4,0],"10":[5,5],"11":[4,6],"12":[3,7],"13":[0,50]},"meta":{"lastBranch":14,"lastFunction":8,"lastStatement":57,"seen":{"s:10:22:14:Infinity":0,"f:16:16:16:28":0,"s:17:19:17:Infinity":1,"s:18:24:18:Infinity":2,"s:19:23:19:Infinity":3,"s:20:21:20:Infinity":4,"s:21:19:21:Infinity":5,"s:23:2:89:Infinity":6,"f:23:2:23:18":1,"s:24:26:84:Infinity":7,"f:24:26:24:38":2,"s:25:17:25:Infinity":8,"s:26:16:26:Infinity":9,"s:27:17:27:Infinity":10,"s:28:21:28:Infinity":11,"s:29:17:29:Infinity":12,"s:31:6:50:Infinity":13,"s:32:25:32:Infinity":14,"s:33:23:33:Infinity":15,"f:33:53:33:65":3,"s:33:65:33:75":16,"s:34:8:34:Infinity":17,"b:34:15:34:40:34:40:34:50:34:50:34:Infinity":0,"b:36:8:38:Infinity:undefined:undefined:undefined:undefined":1,"s:36:8:38:Infinity":18,"s:37:10:37:Infinity":19,"b:40:8:43:Infinity:undefined:undefined:undefined:undefined":2,"s:40:8:43:Infinity":20,"s:41:10:41:Infinity":21,"b:41:17:41:51:41:51:41:Infinity":3,"s:42:10:42:Infinity":22,"b:45:8:47:Infinity:undefined:undefined:undefined:undefined":4,"s:45:8:47:Infinity":23,"s:46:10:46:Infinity":24,"b:46:17:46:50:46:50:46:Infinity":5,"s:49:8:49:Infinity":25,"s:51:6:51:Infinity":26,"s:52:6:52:Infinity":27,"b:54:6:66:Infinity:64:13:66:Infinity":6,"s:54:6:66:Infinity":28,"s:55:8:63:Infinity":29,"s:56:29:56:Infinity":30,"s:57:21:57:Infinity":31,"f:57:21:57:38":4,"s:57:38:57:58":32,"s:58:22:58:Infinity":33,"s:59:10:59:Infinity":34,"s:60:10:60:Infinity":35,"b:60:36:60:47:60:47:60:56":7,"s:62:10:62:Infinity":36,"s:65:8:65:Infinity":37,"s:68:6:76:Infinity":38,"s:69:27:69:Infinity":39,"s:70:19:70:Infinity":40,"f:70:19:70:36":5,"s:70:36:70:56":41,"s:71:20:71:Infinity":42,"s:72:8:72:Infinity":43,"s:73:8:73:Infinity":44,"b:73:33:73:44:73:44:73:53":8,"s:75:8:75:Infinity":45,"s:78:6:83:Infinity":46,"s:79:23:79:Infinity":47,"s:80:8:80:Infinity":48,"b:80:45:80:59:80:59:80:68":9,"s:82:8:82:Infinity":49,"s:86:4:86:Infinity":50,"s:87:21:87:Infinity":51,"s:88:4:88:Infinity":52,"f:88:4:88:17":6,"s:88:17:88:Infinity":53,"s:91:36:97:Infinity":54,"b:93:61:93:72:93:72:93:83":10,"b:94:59:94:70:94:70:94:81":11,"b:96:54:96:65:96:65:96:76":12,"s:99:2:147:Infinity":55,"f:108:20:108:25":7,"s:109:8:135:Infinity":56,"b:129:49:129:70:129:70:129:Infinity":13}}}
,"/Users/home/code/project-x/savant-olympus/src/renderer/components/FileBrowserModal.tsx": {"path":"/Users/home/code/project-x/savant-olympus/src/renderer/components/FileBrowserModal.tsx","statementMap":{"0":{"start":{"line":19,"column":22},"end":{"line":19,"column":null}},"1":{"start":{"line":20,"column":18},"end":{"line":20,"column":null}},"2":{"start":{"line":21,"column":20},"end":{"line":21,"column":null}},"3":{"start":{"line":22,"column":16},"end":{"line":22,"column":null}},"4":{"start":{"line":24,"column":2},"end":{"line":28,"column":null}},"5":{"start":{"line":25,"column":4},"end":{"line":27,"column":null}},"6":{"start":{"line":26,"column":6},"end":{"line":26,"column":null}},"7":{"start":{"line":30,"column":24},"end":{"line":46,"column":null}},"8":{"start":{"line":31,"column":4},"end":{"line":34,"column":null}},"9":{"start":{"line":32,"column":6},"end":{"line":32,"column":null}},"10":{"start":{"line":33,"column":6},"end":{"line":33,"column":null}},"11":{"start":{"line":36,"column":4},"end":{"line":36,"column":null}},"12":{"start":{"line":37,"column":4},"end":{"line":37,"column":null}},"13":{"start":{"line":38,"column":4},"end":{"line":45,"column":null}},"14":{"start":{"line":39,"column":22},"end":{"line":39,"column":null}},"15":{"start":{"line":40,"column":6},"end":{"line":40,"column":null}},"16":{"start":{"line":42,"column":6},"end":{"line":42,"column":null}},"17":{"start":{"line":44,"column":6},"end":{"line":44,"column":null}},"18":{"start":{"line":48,"column":8},"end":{"line":52,"column":null}},"19":{"start":{"line":49,"column":4},"end":{"line":51,"column":null}},"20":{"start":{"line":50,"column":6},"end":{"line":50,"column":null}},"21":{"start":{"line":54,"column":8},"end":{"line":61,"column":null}},"22":{"start":{"line":55,"column":4},"end":{"line":55,"column":null}},"23":{"start":{"line":55,"column":34},"end":{"line":55,"column":null}},"24":{"start":{"line":56,"column":18},"end":{"line":56,"column":null}},"25":{"start":{"line":57,"column":4},"end":{"line":60,"column":null}},"26":{"start":{"line":58,"column":6},"end":{"line":58,"column":null}},"27":{"start":{"line":59,"column":6},"end":{"line":59,"column":null}},"28":{"start":{"line":63,"column":8},"end":{"line":71,"column":null}},"29":{"start":{"line":65,"column":19},"end":{"line":65,"column":null}},"30":{"start":{"line":66,"column":4},"end":{"line":68,"column":null}},"31":{"start":{"line":67,"column":6},"end":{"line":67,"column":null}},"32":{"start":{"line":69,"column":4},"end":{"line":69,"column":null}},"33":{"start":{"line":70,"column":4},"end":{"line":70,"column":null}},"34":{"start":{"line":73,"column":2},"end":{"line":73,"column":null}},"35":{"start":{"line":73,"column":15},"end":{"line":73,"column":null}},"36":{"start":{"line":75,"column":2},"end":{"line":164,"column":null}},"37":{"start":{"line":121,"column":14},"end":{"line":138,"column":null}},"38":{"start":{"line":123,"column":31},"end":{"line":123,"column":null}}},"fnMap":{"0":{"name":"FileBrowserModal","decl":{"start":{"line":18,"column":16},"end":{"line":18,"column":33}},"loc":{"start":{"line":18,"column":110},"end":{"line":166,"column":null}},"line":18},"1":{"name":"(anonymous_1)","decl":{"start":{"line":24,"column":2},"end":{"line":24,"column":18}},"loc":{"start":{"line":24,"column":18},"end":{"line":28,"column":5}},"line":24},"2":{"name":"(anonymous_2)","decl":{"start":{"line":30,"column":24},"end":{"line":30,"column":31}},"loc":{"start":{"line":30,"column":48},"end":{"line":46,"column":null}},"line":30},"3":{"name":"(anonymous_3)","decl":{"start":{"line":48,"column":8},"end":{"line":48,"column":26}},"loc":{"start":{"line":48,"column":47},"end":{"line":52,"column":null}},"line":48},"4":{"name":"(anonymous_4)","decl":{"start":{"line":54,"column":8},"end":{"line":54,"column":29}},"loc":{"start":{"line":54,"column":29},"end":{"line":61,"column":null}},"line":54},"5":{"name":"(anonymous_5)","decl":{"start":{"line":63,"column":8},"end":{"line":63,"column":30}},"loc":{"start":{"line":63,"column":30},"end":{"line":71,"column":null}},"line":63},"6":{"name":"(anonymous_6)","decl":{"start":{"line":120,"column":20},"end":{"line":120,"column":25}},"loc":{"start":{"line":121,"column":14},"end":{"line":138,"column":null}},"line":121},"7":{"name":"(anonymous_7)","decl":{"start":{"line":123,"column":16},"end":{"line":123,"column":31}},"loc":{"start":{"line":123,"column":31},"end":{"line":123,"column":null}},"line":123}},"branchMap":{"0":{"loc":{"start":{"line":19,"column":49},"end":{"line":19,"column":72}},"type":"binary-expr","locations":[{"start":{"line":19,"column":49},"end":{"line":19,"column":64}},{"start":{"line":19,"column":64},"end":{"line":19,"column":72}}],"line":19},"1":{"loc":{"start":{"line":25,"column":4},"end":{"line":27,"column":null}},"type":"if","locations":[{"start":{"line":25,"column":4},"end":{"line":27,"column":null}},{"start":{},"end":{}}],"line":25},"2":{"loc":{"start":{"line":31,"column":4},"end":{"line":34,"column":null}},"type":"if","locations":[{"start":{"line":31,"column":4},"end":{"line":34,"column":null}},{"start":{},"end":{}}],"line":31},"3":{"loc":{"start":{"line":40,"column":17},"end":{"line":40,"column":30}},"type":"binary-expr","locations":[{"start":{"line":40,"column":17},"end":{"line":40,"column":28}},{"start":{"line":40,"column":28},"end":{"line":40,"column":30}}],"line":40},"4":{"loc":{"start":{"line":42,"column":15},"end":{"line":42,"column":54}},"type":"binary-expr","locations":[{"start":{"line":42,"column":15},"end":{"line":42,"column":28}},{"start":{"line":42,"column":28},"end":{"line":42,"column":54}}],"line":42},"5":{"loc":{"start":{"line":49,"column":4},"end":{"line":51,"column":null}},"type":"if","locations":[{"start":{"line":49,"column":4},"end":{"line":51,"column":null}},{"start":{},"end":{}}],"line":49},"6":{"loc":{"start":{"line":55,"column":4},"end":{"line":55,"column":null}},"type":"if","locations":[{"start":{"line":55,"column":4},"end":{"line":55,"column":null}},{"start":{},"end":{}}],"line":55},"7":{"loc":{"start":{"line":57,"column":4},"end":{"line":60,"column":null}},"type":"if","locations":[{"start":{"line":57,"column":4},"end":{"line":60,"column":null}},{"start":{},"end":{}}],"line":57},"8":{"loc":{"start":{"line":66,"column":4},"end":{"line":68,"column":null}},"type":"if","locations":[{"start":{"line":66,"column":4},"end":{"line":68,"column":null}},{"start":{},"end":{}}],"line":66},"9":{"loc":{"start":{"line":73,"column":2},"end":{"line":73,"column":null}},"type":"if","locations":[{"start":{"line":73,"column":2},"end":{"line":73,"column":null}},{"start":{},"end":{}}],"line":73},"10":{"loc":{"start":{"line":107,"column":11},"end":{"line":139,"column":null}},"type":"cond-expr","locations":[{"start":{"line":108,"column":12},"end":{"line":111,"column":null}},{"start":{"line":111,"column":14},"end":{"line":139,"column":null}}],"line":107},"11":{"loc":{"start":{"line":111,"column":14},"end":{"line":139,"column":null}},"type":"cond-expr","locations":[{"start":{"line":112,"column":12},"end":{"line":115,"column":22}},{"start":{"line":115,"column":14},"end":{"line":139,"column":null}}],"line":111},"12":{"loc":{"start":{"line":115,"column":14},"end":{"line":139,"column":null}},"type":"cond-expr","locations":[{"start":{"line":116,"column":12},"end":{"line":120,"column":20}},{"start":{"line":120,"column":12},"end":{"line":139,"column":null}}],"line":115},"13":{"loc":{"start":{"line":125,"column":18},"end":{"line":125,"column":null}},"type":"cond-expr","locations":[{"start":{"line":125,"column":38},"end":{"line":125,"column":58}},{"start":{"line":125,"column":58},"end":{"line":125,"column":null}}],"line":125},"14":{"loc":{"start":{"line":131,"column":31},"end":{"line":131,"column":null}},"type":"cond-expr","locations":[{"start":{"line":131,"column":51},"end":{"line":131,"column":73}},{"start":{"line":131,"column":73},"end":{"line":131,"column":null}}],"line":131},"15":{"loc":{"start":{"line":135,"column":17},"end":{"line":138,"column":null}},"type":"binary-expr","locations":[{"start":{"line":135,"column":17},"end":{"line":135,"column":null}},{"start":{"line":136,"column":18},"end":{"line":138,"column":null}}],"line":135}},"s":{"0":20,"1":20,"2":20,"3":20,"4":20,"5":6,"6":3,"7":20,"8":3,"9":0,"10":0,"11":3,"12":3,"13":3,"14":3,"15":3,"16":0,"17":3,"18":20,"19":1,"20":1,"21":20,"22":0,"23":0,"24":0,"25":0,"26":0,"27":0,"28":20,"29":1,"30":1,"31":1,"32":1,"33":1,"34":20,"35":11,"36":9,"37":5,"38":1},"f":{"0":20,"1":6,"2":3,"3":1,"4":0,"5":1,"6":5,"7":1},"b":{"0":[20,8],"1":[3,3],"2":[0,3],"3":[3,1],"4":[0,0],"5":[1,0],"6":[0,0],"7":[0,0],"8":[1,0],"9":[11,9],"10":[3,6],"11":[0,6],"12":[3,3],"13":[5,0],"14":[5,0],"15":[5,5]},"meta":{"lastBranch":16,"lastFunction":8,"lastStatement":39,"seen":{"f:18:16:18:33":0,"s:19:22:19:Infinity":0,"b:19:49:19:64:19:64:19:72":0,"s:20:18:20:Infinity":1,"s:21:20:21:Infinity":2,"s:22:16:22:Infinity":3,"s:24:2:28:Infinity":4,"f:24:2:24:18":1,"b:25:4:27:Infinity:undefined:undefined:undefined:undefined":1,"s:25:4:27:Infinity":5,"s:26:6:26:Infinity":6,"s:30:24:46:Infinity":7,"f:30:24:30:31":2,"b:31:4:34:Infinity:undefined:undefined:undefined:undefined":2,"s:31:4:34:Infinity":8,"s:32:6:32:Infinity":9,"s:33:6:33:Infinity":10,"s:36:4:36:Infinity":11,"s:37:4:37:Infinity":12,"s:38:4:45:Infinity":13,"s:39:22:39:Infinity":14,"s:40:6:40:Infinity":15,"b:40:17:40:28:40:28:40:30":3,"s:42:6:42:Infinity":16,"b:42:15:42:28:42:28:42:54":4,"s:44:6:44:Infinity":17,"s:48:8:52:Infinity":18,"f:48:8:48:26":3,"b:49:4:51:Infinity:undefined:undefined:undefined:undefined":5,"s:49:4:51:Infinity":19,"s:50:6:50:Infinity":20,"s:54:8:61:Infinity":21,"f:54:8:54:29":4,"b:55:4:55:Infinity:undefined:undefined:undefined:undefined":6,"s:55:4:55:Infinity":22,"s:55:34:55:Infinity":23,"s:56:18:56:Infinity":24,"b:57:4:60:Infinity:undefined:undefined:undefined:undefined":7,"s:57:4:60:Infinity":25,"s:58:6:58:Infinity":26,"s:59:6:59:Infinity":27,"s:63:8:71:Infinity":28,"f:63:8:63:30":5,"s:65:19:65:Infinity":29,"b:66:4:68:Infinity:undefined:undefined:undefined:undefined":8,"s:66:4:68:Infinity":30,"s:67:6:67:Infinity":31,"s:69:4:69:Infinity":32,"s:70:4:70:Infinity":33,"b:73:2:73:Infinity:undefined:undefined:undefined:undefined":9,"s:73:2:73:Infinity":34,"s:73:15:73:Infinity":35,"s:75:2:164:Infinity":36,"b:108:12:111:Infinity:111:14:139:Infinity":10,"b:112:12:115:22:115:14:139:Infinity":11,"b:116:12:120:20:120:12:139:Infinity":12,"f:120:20:120:25":6,"s:121:14:138:Infinity":37,"f:123:16:123:31":7,"s:123:31:123:Infinity":38,"b:125:38:125:58:125:58:125:Infinity":13,"b:131:51:131:73:131:73:131:Infinity":14,"b:135:17:135:Infinity:136:18:138:Infinity":15}}}
,"/Users/home/code/project-x/savant-olympus/src/renderer/components/LeftSidebar.tsx": {"path":"/Users/home/code/project-x/savant-olympus/src/renderer/components/LeftSidebar.tsx","statementMap":{"0":{"start":{"line":26,"column":2},"end":{"line":58,"column":null}},"1":{"start":{"line":62,"column":18},"end":{"line":70,"column":null}},"2":{"start":{"line":73,"column":27},"end":{"line":73,"column":null}},"3":{"start":{"line":74,"column":28},"end":{"line":74,"column":null}},"4":{"start":{"line":76,"column":2},"end":{"line":153,"column":null}},"5":{"start":{"line":92,"column":12},"end":{"line":98,"column":null}},"6":{"start":{"line":96,"column":29},"end":{"line":96,"column":null}},"7":{"start":{"line":105,"column":27},"end":{"line":105,"column":null}},"8":{"start":{"line":129,"column":33},"end":{"line":129,"column":null}},"9":{"start":{"line":151,"column":59},"end":{"line":151,"column":87}},"10":{"start":{"line":152,"column":61},"end":{"line":152,"column":109}}},"fnMap":{"0":{"name":"NavIcon","decl":{"start":{"line":18,"column":9},"end":{"line":18,"column":17}},"loc":{"start":{"line":25,"column":3},"end":{"line":60,"column":null}},"line":25},"1":{"name":"LeftSidebar","decl":{"start":{"line":72,"column":16},"end":{"line":72,"column":28}},"loc":{"start":{"line":72,"column":103},"end":{"line":155,"column":null}},"line":72},"2":{"name":"(anonymous_2)","decl":{"start":{"line":91,"column":21},"end":{"line":91,"column":26}},"loc":{"start":{"line":92,"column":12},"end":{"line":98,"column":null}},"line":92},"3":{"name":"(anonymous_3)","decl":{"start":{"line":96,"column":14},"end":{"line":96,"column":29}},"loc":{"start":{"line":96,"column":29},"end":{"line":96,"column":null}},"line":96},"4":{"name":"(anonymous_4)","decl":{"start":{"line":105,"column":12},"end":{"line":105,"column":27}},"loc":{"start":{"line":105,"column":27},"end":{"line":105,"column":null}},"line":105},"5":{"name":"(anonymous_5)","decl":{"start":{"line":129,"column":18},"end":{"line":129,"column":33}},"loc":{"start":{"line":129,"column":33},"end":{"line":129,"column":null}},"line":129},"6":{"name":"(anonymous_6)","decl":{"start":{"line":151,"column":44},"end":{"line":151,"column":59}},"loc":{"start":{"line":151,"column":59},"end":{"line":151,"column":87}},"line":151},"7":{"name":"(anonymous_7)","decl":{"start":{"line":152,"column":46},"end":{"line":152,"column":61}},"loc":{"start":{"line":152,"column":61},"end":{"line":152,"column":109}},"line":152}},"branchMap":{"0":{"loc":{"start":{"line":35,"column":23},"end":{"line":35,"column":null}},"type":"cond-expr","locations":[{"start":{"line":35,"column":34},"end":{"line":35,"column":38}},{"start":{"line":35,"column":38},"end":{"line":35,"column":null}}],"line":35},"1":{"loc":{"start":{"line":36,"column":27},"end":{"line":36,"column":null}},"type":"cond-expr","locations":[{"start":{"line":36,"column":38},"end":{"line":36,"column":67}},{"start":{"line":36,"column":67},"end":{"line":36,"column":null}}],"line":36}},"s":{"0":24,"1":1,"2":3,"3":3,"4":3,"5":21,"6":0,"7":0,"8":0,"9":0,"10":0},"f":{"0":24,"1":3,"2":21,"3":0,"4":0,"5":0,"6":0,"7":0},"b":{"0":[3,21],"1":[3,21]},"meta":{"lastBranch":2,"lastFunction":8,"lastStatement":11,"seen":{"f:18:9:18:17":0,"s:26:2:58:Infinity":0,"b:35:34:35:38:35:38:35:Infinity":0,"b:36:38:36:67:36:67:36:Infinity":1,"s:62:18:70:Infinity":1,"f:72:16:72:28":1,"s:73:27:73:Infinity":2,"s:74:28:74:Infinity":3,"s:76:2:153:Infinity":4,"f:91:21:91:26":2,"s:92:12:98:Infinity":5,"f:96:14:96:29":3,"s:96:29:96:Infinity":6,"f:105:12:105:27":4,"s:105:27:105:Infinity":7,"f:129:18:129:33":5,"s:129:33:129:Infinity":8,"f:151:44:151:59":6,"s:151:59:151:87":9,"f:152:46:152:61":7,"s:152:61:152:109":10}}}
,"/Users/home/code/project-x/savant-olympus/src/renderer/components/LoginScreen.tsx": {"path":"/Users/home/code/project-x/savant-olympus/src/renderer/components/LoginScreen.tsx","statementMap":{"0":{"start":{"line":9,"column":17},"end":{"line":9,"column":null}},"1":{"start":{"line":10,"column":16},"end":{"line":10,"column":null}},"2":{"start":{"line":11,"column":23},"end":{"line":11,"column":null}},"3":{"start":{"line":14,"column":4},"end":{"line":14,"column":null}},"4":{"start":{"line":15,"column":20},"end":{"line":15,"column":null}},"5":{"start":{"line":16,"column":4},"end":{"line":19,"column":null}},"6":{"start":{"line":17,"column":6},"end":{"line":17,"column":null}},"7":{"start":{"line":18,"column":6},"end":{"line":18,"column":null}},"8":{"start":{"line":21,"column":4},"end":{"line":21,"column":null}},"9":{"start":{"line":22,"column":4},"end":{"line":22,"column":null}},"10":{"start":{"line":23,"column":4},"end":{"line":28,"column":null}},"11":{"start":{"line":24,"column":6},"end":{"line":24,"column":null}},"12":{"start":{"line":26,"column":6},"end":{"line":26,"column":null}},"13":{"start":{"line":27,"column":6},"end":{"line":27,"column":null}},"14":{"start":{"line":31,"column":2},"end":{"line":122,"column":null}},"15":{"start":{"line":84,"column":27},"end":{"line":84,"column":null}}},"fnMap":{"0":{"name":"LoginScreen","decl":{"start":{"line":8,"column":16},"end":{"line":8,"column":28}},"loc":{"start":{"line":8,"column":59},"end":{"line":124,"column":null}},"line":8},"1":{"name":"handleSubmit","decl":{"start":{"line":13,"column":17},"end":{"line":13,"column":30}},"loc":{"start":{"line":13,"column":54},"end":{"line":29,"column":null}},"line":13},"2":{"name":"(anonymous_2)","decl":{"start":{"line":84,"column":12},"end":{"line":84,"column":22}},"loc":{"start":{"line":84,"column":27},"end":{"line":84,"column":null}},"line":84}},"branchMap":{"0":{"loc":{"start":{"line":16,"column":4},"end":{"line":19,"column":null}},"type":"if","locations":[{"start":{"line":16,"column":4},"end":{"line":19,"column":null}},{"start":{},"end":{}}],"line":16},"1":{"loc":{"start":{"line":26,"column":15},"end":{"line":26,"column":44}},"type":"binary-expr","locations":[{"start":{"line":26,"column":15},"end":{"line":26,"column":29}},{"start":{"line":26,"column":29},"end":{"line":26,"column":44}}],"line":26},"2":{"loc":{"start":{"line":98,"column":9},"end":{"line":105,"column":null}},"type":"binary-expr","locations":[{"start":{"line":98,"column":9},"end":{"line":98,"column":null}},{"start":{"line":99,"column":10},"end":{"line":105,"column":null}}],"line":98},"3":{"loc":{"start":{"line":119,"column":11},"end":{"line":119,"column":null}},"type":"cond-expr","locations":[{"start":{"line":119,"column":26},"end":{"line":119,"column":48}},{"start":{"line":119,"column":48},"end":{"line":119,"column":null}}],"line":119}},"s":{"0":9,"1":9,"2":9,"3":3,"4":3,"5":3,"6":1,"7":1,"8":2,"9":2,"10":2,"11":2,"12":1,"13":1,"14":9,"15":2},"f":{"0":9,"1":3,"2":2},"b":{"0":[1,2],"1":[1,0],"2":[9,2],"3":[2,7]},"meta":{"lastBranch":4,"lastFunction":3,"lastStatement":16,"seen":{"f:8:16:8:28":0,"s:9:17:9:Infinity":0,"s:10:16:10:Infinity":1,"s:11:23:11:Infinity":2,"f:13:17:13:30":1,"s:14:4:14:Infinity":3,"s:15:20:15:Infinity":4,"b:16:4:19:Infinity:undefined:undefined:undefined:undefined":0,"s:16:4:19:Infinity":5,"s:17:6:17:Infinity":6,"s:18:6:18:Infinity":7,"s:21:4:21:Infinity":8,"s:22:4:22:Infinity":9,"s:23:4:28:Infinity":10,"s:24:6:24:Infinity":11,"s:26:6:26:Infinity":12,"b:26:15:26:29:26:29:26:44":1,"s:27:6:27:Infinity":13,"s:31:2:122:Infinity":14,"f:84:12:84:22":2,"s:84:27:84:Infinity":15,"b:98:9:98:Infinity:99:10:105:Infinity":2,"b:119:26:119:48:119:48:119:Infinity":3}}}
,"/Users/home/code/project-x/savant-olympus/src/renderer/components/Mermaid.tsx": {"path":"/Users/home/code/project-x/savant-olympus/src/renderer/components/Mermaid.tsx","statementMap":{"0":{"start":{"line":6,"column":6},"end":{"line":61,"column":null}},"1":{"start":{"line":7,"column":14},"end":{"line":7,"column":null}},"2":{"start":{"line":8,"column":16},"end":{"line":8,"column":null}},"3":{"start":{"line":9,"column":8},"end":{"line":9,"column":null}},"4":{"start":{"line":11,"column":2},"end":{"line":39,"column":null}},"5":{"start":{"line":12,"column":4},"end":{"line":25,"column":null}},"6":{"start":{"line":27,"column":26},"end":{"line":36,"column":null}},"7":{"start":{"line":28,"column":6},"end":{"line":35,"column":null}},"8":{"start":{"line":29,"column":8},"end":{"line":29,"column":null}},"9":{"start":{"line":30,"column":37},"end":{"line":30,"column":null}},"10":{"start":{"line":31,"column":8},"end":{"line":31,"column":null}},"11":{"start":{"line":34,"column":8},"end":{"line":34,"column":null}},"12":{"start":{"line":38,"column":4},"end":{"line":38,"column":null}},"13":{"start":{"line":41,"column":2},"end":{"line":51,"column":null}},"14":{"start":{"line":42,"column":4},"end":{"line":49,"column":null}},"15":{"start":{"line":53,"column":2},"end":{"line":59,"column":null}}},"fnMap":{"0":{"name":"(anonymous_0)","decl":{"start":{"line":6,"column":6},"end":{"line":6,"column":17}},"loc":{"start":{"line":6,"column":50},"end":{"line":61,"column":null}},"line":6},"1":{"name":"(anonymous_1)","decl":{"start":{"line":11,"column":2},"end":{"line":11,"column":18}},"loc":{"start":{"line":11,"column":18},"end":{"line":39,"column":5}},"line":11},"2":{"name":"(anonymous_2)","decl":{"start":{"line":27,"column":26},"end":{"line":27,"column":38}},"loc":{"start":{"line":27,"column":38},"end":{"line":36,"column":null}},"line":27}},"branchMap":{"0":{"loc":{"start":{"line":41,"column":2},"end":{"line":51,"column":null}},"type":"if","locations":[{"start":{"line":41,"column":2},"end":{"line":51,"column":null}},{"start":{},"end":{}}],"line":41}},"s":{"0":1,"1":4,"2":4,"3":4,"4":4,"5":2,"6":2,"7":2,"8":2,"9":2,"10":1,"11":1,"12":2,"13":4,"14":1,"15":3},"f":{"0":4,"1":2,"2":2},"b":{"0":[1,3]},"meta":{"lastBranch":1,"lastFunction":3,"lastStatement":16,"seen":{"s:6:6:61:Infinity":0,"f:6:6:6:17":0,"s:7:14:7:Infinity":1,"s:8:16:8:Infinity":2,"s:9:8:9:Infinity":3,"s:11:2:39:Infinity":4,"f:11:2:11:18":1,"s:12:4:25:Infinity":5,"s:27:26:36:Infinity":6,"f:27:26:27:38":2,"s:28:6:35:Infinity":7,"s:29:8:29:Infinity":8,"s:30:37:30:Infinity":9,"s:31:8:31:Infinity":10,"s:34:8:34:Infinity":11,"s:38:4:38:Infinity":12,"b:41:2:51:Infinity:undefined:undefined:undefined:undefined":0,"s:41:2:51:Infinity":13,"s:42:4:49:Infinity":14,"s:53:2:59:Infinity":15}}}
,"/Users/home/code/project-x/savant-olympus/src/renderer/components/ProfileModal.tsx": {"path":"/Users/home/code/project-x/savant-olympus/src/renderer/components/ProfileModal.tsx","statementMap":{"0":{"start":{"line":13,"column":15},"end":{"line":13,"column":null}},"1":{"start":{"line":14,"column":17},"end":{"line":14,"column":null}},"2":{"start":{"line":15,"column":8},"end":{"line":15,"column":null}},"3":{"start":{"line":17,"column":2},"end":{"line":27,"column":null}},"4":{"start":{"line":18,"column":4},"end":{"line":26,"column":null}},"5":{"start":{"line":19,"column":6},"end":{"line":25,"column":null}},"6":{"start":{"line":20,"column":28},"end":{"line":20,"column":null}},"7":{"start":{"line":21,"column":30},"end":{"line":21,"column":null}},"8":{"start":{"line":22,"column":8},"end":{"line":22,"column":null}},"9":{"start":{"line":23,"column":8},"end":{"line":23,"column":null}},"10":{"start":{"line":24,"column":8},"end":{"line":24,"column":null}},"11":{"start":{"line":30,"column":4},"end":{"line":30,"column":null}},"12":{"start":{"line":31,"column":4},"end":{"line":31,"column":null}},"13":{"start":{"line":32,"column":4},"end":{"line":32,"column":null}},"14":{"start":{"line":33,"column":4},"end":{"line":33,"column":null}},"15":{"start":{"line":37,"column":4},"end":{"line":37,"column":null}},"16":{"start":{"line":38,"column":4},"end":{"line":38,"column":null}},"17":{"start":{"line":39,"column":4},"end":{"line":39,"column":null}},"18":{"start":{"line":40,"column":4},"end":{"line":40,"column":null}},"19":{"start":{"line":41,"column":4},"end":{"line":41,"column":null}},"20":{"start":{"line":44,"column":2},"end":{"line":161,"column":null}},"21":{"start":{"line":53,"column":12},"end":{"line":53,"column":null}},"22":{"start":{"line":54,"column":12},"end":{"line":54,"column":null}},"23":{"start":{"line":109,"column":31},"end":{"line":109,"column":null}},"24":{"start":{"line":110,"column":30},"end":{"line":110,"column":null}},"25":{"start":{"line":112,"column":18},"end":{"line":115,"column":null}},"26":{"start":{"line":113,"column":20},"end":{"line":113,"column":null}},"27":{"start":{"line":114,"column":20},"end":{"line":114,"column":null}},"28":{"start":{"line":140,"column":31},"end":{"line":140,"column":null}},"29":{"start":{"line":141,"column":30},"end":{"line":141,"column":null}},"30":{"start":{"line":143,"column":18},"end":{"line":146,"column":null}},"31":{"start":{"line":144,"column":20},"end":{"line":144,"column":null}},"32":{"start":{"line":145,"column":20},"end":{"line":145,"column":null}}},"fnMap":{"0":{"name":"ProfileModal","decl":{"start":{"line":12,"column":16},"end":{"line":12,"column":29}},"loc":{"start":{"line":12,"column":85},"end":{"line":163,"column":null}},"line":12},"1":{"name":"(anonymous_1)","decl":{"start":{"line":17,"column":2},"end":{"line":17,"column":18}},"loc":{"start":{"line":17,"column":18},"end":{"line":27,"column":5}},"line":17},"2":{"name":"(anonymous_2)","decl":{"start":{"line":19,"column":34},"end":{"line":19,"column":39}},"loc":{"start":{"line":19,"column":51},"end":{"line":25,"column":7}},"line":19},"3":{"name":"handleSaveLocal","decl":{"start":{"line":29,"column":17},"end":{"line":29,"column":33}},"loc":{"start":{"line":29,"column":77},"end":{"line":34,"column":null}},"line":29},"4":{"name":"handleCancel","decl":{"start":{"line":36,"column":17},"end":{"line":36,"column":32}},"loc":{"start":{"line":36,"column":32},"end":{"line":42,"column":null}},"line":36},"5":{"name":"(anonymous_5)","decl":{"start":{"line":52,"column":10},"end":{"line":52,"column":28}},"loc":{"start":{"line":52,"column":34},"end":{"line":55,"column":null}},"line":52},"6":{"name":"(anonymous_6)","decl":{"start":{"line":109,"column":16},"end":{"line":109,"column":26}},"loc":{"start":{"line":109,"column":31},"end":{"line":109,"column":null}},"line":109},"7":{"name":"(anonymous_7)","decl":{"start":{"line":110,"column":16},"end":{"line":110,"column":30}},"loc":{"start":{"line":110,"column":30},"end":{"line":110,"column":null}},"line":110},"8":{"name":"(anonymous_8)","decl":{"start":{"line":111,"column":16},"end":{"line":111,"column":27}},"loc":{"start":{"line":111,"column":32},"end":{"line":116,"column":null}},"line":111},"9":{"name":"(anonymous_9)","decl":{"start":{"line":140,"column":16},"end":{"line":140,"column":26}},"loc":{"start":{"line":140,"column":31},"end":{"line":140,"column":null}},"line":140},"10":{"name":"(anonymous_10)","decl":{"start":{"line":141,"column":16},"end":{"line":141,"column":30}},"loc":{"start":{"line":141,"column":30},"end":{"line":141,"column":null}},"line":141},"11":{"name":"(anonymous_11)","decl":{"start":{"line":142,"column":16},"end":{"line":142,"column":27}},"loc":{"start":{"line":142,"column":32},"end":{"line":147,"column":null}},"line":142}},"branchMap":{"0":{"loc":{"start":{"line":18,"column":4},"end":{"line":26,"column":null}},"type":"if","locations":[{"start":{"line":18,"column":4},"end":{"line":26,"column":null}},{"start":{},"end":{}}],"line":18},"1":{"loc":{"start":{"line":20,"column":28},"end":{"line":20,"column":null}},"type":"binary-expr","locations":[{"start":{"line":20,"column":28},"end":{"line":20,"column":53}},{"start":{"line":20,"column":53},"end":{"line":20,"column":null}}],"line":20},"2":{"loc":{"start":{"line":21,"column":30},"end":{"line":21,"column":null}},"type":"binary-expr","locations":[{"start":{"line":21,"column":30},"end":{"line":21,"column":57}},{"start":{"line":21,"column":57},"end":{"line":21,"column":null}}],"line":21},"3":{"loc":{"start":{"line":112,"column":18},"end":{"line":115,"column":null}},"type":"if","locations":[{"start":{"line":112,"column":18},"end":{"line":115,"column":null}},{"start":{},"end":{}}],"line":112},"4":{"loc":{"start":{"line":143,"column":18},"end":{"line":146,"column":null}},"type":"if","locations":[{"start":{"line":143,"column":18},"end":{"line":146,"column":null}},{"start":{},"end":{}}],"line":143}},"s":{"0":9,"1":9,"2":9,"3":9,"4":5,"5":2,"6":2,"7":2,"8":2,"9":2,"10":2,"11":2,"12":2,"13":2,"14":2,"15":1,"16":1,"17":1,"18":1,"19":1,"20":9,"21":1,"22":1,"23":1,"24":1,"25":0,"26":0,"27":0,"28":1,"29":1,"30":0,"31":0,"32":0},"f":{"0":9,"1":5,"2":2,"3":2,"4":1,"5":1,"6":1,"7":1,"8":0,"9":1,"10":1,"11":0},"b":{"0":[2,3],"1":[2,0],"2":[2,0],"3":[0,0],"4":[0,0]},"meta":{"lastBranch":5,"lastFunction":12,"lastStatement":33,"seen":{"f:12:16:12:29":0,"s:13:15:13:Infinity":0,"s:14:17:14:Infinity":1,"s:15:8:15:Infinity":2,"s:17:2:27:Infinity":3,"f:17:2:17:18":1,"b:18:4:26:Infinity:undefined:undefined:undefined:undefined":0,"s:18:4:26:Infinity":4,"s:19:6:25:Infinity":5,"f:19:34:19:39":2,"s:20:28:20:Infinity":6,"b:20:28:20:53:20:53:20:Infinity":1,"s:21:30:21:Infinity":7,"b:21:30:21:57:21:57:21:Infinity":2,"s:22:8:22:Infinity":8,"s:23:8:23:Infinity":9,"s:24:8:24:Infinity":10,"f:29:17:29:33":3,"s:30:4:30:Infinity":11,"s:31:4:31:Infinity":12,"s:32:4:32:Infinity":13,"s:33:4:33:Infinity":14,"f:36:17:36:32":4,"s:37:4:37:Infinity":15,"s:38:4:38:Infinity":16,"s:39:4:39:Infinity":17,"s:40:4:40:Infinity":18,"s:41:4:41:Infinity":19,"s:44:2:161:Infinity":20,"f:52:10:52:28":5,"s:53:12:53:Infinity":21,"s:54:12:54:Infinity":22,"f:109:16:109:26":6,"s:109:31:109:Infinity":23,"f:110:16:110:30":7,"s:110:30:110:Infinity":24,"f:111:16:111:27":8,"b:112:18:115:Infinity:undefined:undefined:undefined:undefined":3,"s:112:18:115:Infinity":25,"s:113:20:113:Infinity":26,"s:114:20:114:Infinity":27,"f:140:16:140:26":9,"s:140:31:140:Infinity":28,"f:141:16:141:30":10,"s:141:30:141:Infinity":29,"f:142:16:142:27":11,"b:143:18:146:Infinity:undefined:undefined:undefined:undefined":4,"s:143:18:146:Infinity":30,"s:144:20:144:Infinity":31,"s:145:20:145:Infinity":32}}}
,"/Users/home/code/project-x/savant-olympus/src/renderer/components/RightPanel.tsx": {"path":"/Users/home/code/project-x/savant-olympus/src/renderer/components/RightPanel.tsx","statementMap":{"0":{"start":{"line":8,"column":13},"end":{"line":14,"column":null}},"1":{"start":{"line":16,"column":21},"end":{"line":20,"column":null}},"2":{"start":{"line":33,"column":18},"end":{"line":39,"column":null}},"3":{"start":{"line":33,"column":56},"end":{"line":39,"column":2}},"4":{"start":{"line":49,"column":2},"end":{"line":81,"column":null}},"5":{"start":{"line":86,"column":25},"end":{"line":86,"column":null}},"6":{"start":{"line":87,"column":24},"end":{"line":87,"column":null}},"7":{"start":{"line":90,"column":24},"end":{"line":90,"column":null}},"8":{"start":{"line":93,"column":24},"end":{"line":93,"column":null}},"9":{"start":{"line":94,"column":24},"end":{"line":94,"column":null}},"10":{"start":{"line":95,"column":22},"end":{"line":95,"column":null}},"11":{"start":{"line":98,"column":22},"end":{"line":98,"column":null}},"12":{"start":{"line":99,"column":26},"end":{"line":99,"column":null}},"13":{"start":{"line":100,"column":28},"end":{"line":100,"column":null}},"14":{"start":{"line":101,"column":32},"end":{"line":101,"column":null}},"15":{"start":{"line":102,"column":33},"end":{"line":102,"column":null}},"16":{"start":{"line":105,"column":20},"end":{"line":105,"column":null}},"17":{"start":{"line":106,"column":29},"end":{"line":106,"column":null}},"18":{"start":{"line":107,"column":26},"end":{"line":107,"column":null}},"19":{"start":{"line":108,"column":30},"end":{"line":108,"column":null}},"20":{"start":{"line":109,"column":31},"end":{"line":109,"column":null}},"21":{"start":{"line":110,"column":26},"end":{"line":110,"column":null}},"22":{"start":{"line":112,"column":18},"end":{"line":112,"column":null}},"23":{"start":{"line":115,"column":2},"end":{"line":117,"column":null}},"24":{"start":{"line":116,"column":4},"end":{"line":116,"column":null}},"25":{"start":{"line":120,"column":27},"end":{"line":138,"column":null}},"26":{"start":{"line":121,"column":4},"end":{"line":121,"column":null}},"27":{"start":{"line":122,"column":4},"end":{"line":137,"column":null}},"28":{"start":{"line":123,"column":18},"end":{"line":125,"column":null}},"29":{"start":{"line":126,"column":18},"end":{"line":128,"column":null}},"30":{"start":{"line":129,"column":6},"end":{"line":132,"column":null}},"31":{"start":{"line":130,"column":21},"end":{"line":130,"column":null}},"32":{"start":{"line":131,"column":8},"end":{"line":131,"column":null}},"33":{"start":{"line":134,"column":6},"end":{"line":134,"column":null}},"34":{"start":{"line":136,"column":6},"end":{"line":136,"column":null}},"35":{"start":{"line":140,"column":29},"end":{"line":155,"column":null}},"36":{"start":{"line":141,"column":4},"end":{"line":141,"column":null}},"37":{"start":{"line":142,"column":4},"end":{"line":154,"column":null}},"38":{"start":{"line":143,"column":18},"end":{"line":145,"column":null}},"39":{"start":{"line":146,"column":6},"end":{"line":149,"column":null}},"40":{"start":{"line":147,"column":21},"end":{"line":147,"column":null}},"41":{"start":{"line":148,"column":8},"end":{"line":148,"column":null}},"42":{"start":{"line":151,"column":6},"end":{"line":151,"column":null}},"43":{"start":{"line":153,"column":6},"end":{"line":153,"column":null}},"44":{"start":{"line":158,"column":25},"end":{"line":174,"column":null}},"45":{"start":{"line":159,"column":4},"end":{"line":159,"column":null}},"46":{"start":{"line":159,"column":26},"end":{"line":159,"column":null}},"47":{"start":{"line":160,"column":4},"end":{"line":160,"column":null}},"48":{"start":{"line":161,"column":4},"end":{"line":173,"column":null}},"49":{"start":{"line":162,"column":18},"end":{"line":164,"column":null}},"50":{"start":{"line":165,"column":6},"end":{"line":168,"column":null}},"51":{"start":{"line":166,"column":21},"end":{"line":166,"column":null}},"52":{"start":{"line":167,"column":8},"end":{"line":167,"column":null}},"53":{"start":{"line":170,"column":6},"end":{"line":170,"column":null}},"54":{"start":{"line":172,"column":6},"end":{"line":172,"column":null}},"55":{"start":{"line":176,"column":23},"end":{"line":191,"column":null}},"56":{"start":{"line":177,"column":4},"end":{"line":177,"column":null}},"57":{"start":{"line":178,"column":4},"end":{"line":190,"column":null}},"58":{"start":{"line":179,"column":18},"end":{"line":181,"column":null}},"59":{"start":{"line":182,"column":6},"end":{"line":185,"column":null}},"60":{"start":{"line":183,"column":21},"end":{"line":183,"column":null}},"61":{"start":{"line":184,"column":8},"end":{"line":184,"column":null}},"62":{"start":{"line":187,"column":6},"end":{"line":187,"column":null}},"63":{"start":{"line":189,"column":6},"end":{"line":189,"column":null}},"64":{"start":{"line":193,"column":2},"end":{"line":197,"column":null}},"65":{"start":{"line":194,"column":4},"end":{"line":196,"column":null}},"66":{"start":{"line":195,"column":6},"end":{"line":195,"column":null}},"67":{"start":{"line":199,"column":2},"end":{"line":203,"column":null}},"68":{"start":{"line":200,"column":4},"end":{"line":202,"column":null}},"69":{"start":{"line":201,"column":6},"end":{"line":201,"column":null}},"70":{"start":{"line":205,"column":2},"end":{"line":211,"column":null}},"71":{"start":{"line":206,"column":4},"end":{"line":210,"column":null}},"72":{"start":{"line":207,"column":6},"end":{"line":207,"column":null}},"73":{"start":{"line":209,"column":6},"end":{"line":209,"column":null}},"74":{"start":{"line":213,"column":2},"end":{"line":219,"column":null}},"75":{"start":{"line":214,"column":4},"end":{"line":218,"column":null}},"76":{"start":{"line":215,"column":6},"end":{"line":215,"column":null}},"77":{"start":{"line":217,"column":6},"end":{"line":217,"column":null}},"78":{"start":{"line":221,"column":31},"end":{"line":241,"column":null}},"79":{"start":{"line":222,"column":4},"end":{"line":222,"column":null}},"80":{"start":{"line":223,"column":4},"end":{"line":223,"column":null}},"81":{"start":{"line":223,"column":31},"end":{"line":223,"column":null}},"82":{"start":{"line":224,"column":4},"end":{"line":224,"column":null}},"83":{"start":{"line":225,"column":4},"end":{"line":240,"column":null}},"84":{"start":{"line":226,"column":18},"end":{"line":228,"column":null}},"85":{"start":{"line":229,"column":18},"end":{"line":231,"column":null}},"86":{"start":{"line":232,"column":6},"end":{"line":235,"column":null}},"87":{"start":{"line":233,"column":21},"end":{"line":233,"column":null}},"88":{"start":{"line":234,"column":8},"end":{"line":234,"column":null}},"89":{"start":{"line":237,"column":6},"end":{"line":237,"column":null}},"90":{"start":{"line":239,"column":6},"end":{"line":239,"column":null}},"91":{"start":{"line":244,"column":4},"end":{"line":250,"column":null}},"92":{"start":{"line":245,"column":19},"end":{"line":245,"column":null}},"93":{"start":{"line":246,"column":6},"end":{"line":248,"column":null}},"94":{"start":{"line":247,"column":8},"end":{"line":247,"column":null}},"95":{"start":{"line":249,"column":6},"end":{"line":249,"column":null}},"96":{"start":{"line":253,"column":8},"end":{"line":263,"column":null}},"97":{"start":{"line":254,"column":4},"end":{"line":262,"column":null}},"98":{"start":{"line":255,"column":23},"end":{"line":255,"column":null}},"99":{"start":{"line":256,"column":27},"end":{"line":256,"column":null}},"100":{"start":{"line":257,"column":20},"end":{"line":257,"column":null}},"101":{"start":{"line":258,"column":25},"end":{"line":258,"column":null}},"102":{"start":{"line":259,"column":22},"end":{"line":259,"column":null}},"103":{"start":{"line":260,"column":25},"end":{"line":260,"column":null}},"104":{"start":{"line":261,"column":15},"end":{"line":261,"column":null}},"105":{"start":{"line":265,"column":8},"end":{"line":270,"column":null}},"106":{"start":{"line":266,"column":14},"end":{"line":266,"column":null}},"107":{"start":{"line":267,"column":4},"end":{"line":267,"column":null}},"108":{"start":{"line":267,"column":27},"end":{"line":267,"column":null}},"109":{"start":{"line":268,"column":4},"end":{"line":268,"column":null}},"110":{"start":{"line":268,"column":24},"end":{"line":268,"column":null}},"111":{"start":{"line":269,"column":4},"end":{"line":269,"column":null}},"112":{"start":{"line":272,"column":28},"end":{"line":275,"column":null}},"113":{"start":{"line":273,"column":14},"end":{"line":273,"column":null}},"114":{"start":{"line":274,"column":4},"end":{"line":274,"column":null}},"115":{"start":{"line":277,"column":26},"end":{"line":277,"column":null}},"116":{"start":{"line":280,"column":2},"end":{"line":287,"column":null}},"117":{"start":{"line":286,"column":4},"end":{"line":286,"column":null}},"118":{"start":{"line":290,"column":2},"end":{"line":317,"column":null}},"119":{"start":{"line":291,"column":4},"end":{"line":315,"column":null}},"120":{"start":{"line":303,"column":25},"end":{"line":303,"column":null}},"121":{"start":{"line":308,"column":25},"end":{"line":308,"column":null}},"122":{"start":{"line":313,"column":25},"end":{"line":313,"column":null}},"123":{"start":{"line":320,"column":2},"end":{"line":352,"column":null}},"124":{"start":{"line":321,"column":4},"end":{"line":350,"column":null}},"125":{"start":{"line":333,"column":25},"end":{"line":333,"column":null}},"126":{"start":{"line":338,"column":25},"end":{"line":338,"column":null}},"127":{"start":{"line":343,"column":25},"end":{"line":343,"column":null}},"128":{"start":{"line":348,"column":25},"end":{"line":348,"column":null}},"129":{"start":{"line":355,"column":2},"end":{"line":694,"column":null}},"130":{"start":{"line":387,"column":24},"end":{"line":400,"column":null}},"131":{"start":{"line":390,"column":28},"end":{"line":390,"column":null}},"132":{"start":{"line":391,"column":28},"end":{"line":391,"column":null}},"133":{"start":{"line":413,"column":45},"end":{"line":413,"column":null}},"134":{"start":{"line":435,"column":30},"end":{"line":448,"column":null}},"135":{"start":{"line":438,"column":34},"end":{"line":442,"column":null}},"136":{"start":{"line":439,"column":36},"end":{"line":439,"column":null}},"137":{"start":{"line":440,"column":36},"end":{"line":440,"column":null}},"138":{"start":{"line":441,"column":36},"end":{"line":441,"column":null}},"139":{"start":{"line":464,"column":47},"end":{"line":464,"column":null}},"140":{"start":{"line":494,"column":34},"end":{"line":504,"column":null}},"141":{"start":{"line":496,"column":51},"end":{"line":496,"column":null}},"142":{"start":{"line":522,"column":47},"end":{"line":522,"column":null}},"143":{"start":{"line":549,"column":49},"end":{"line":549,"column":null}},"144":{"start":{"line":565,"column":34},"end":{"line":572,"column":null}},"145":{"start":{"line":567,"column":51},"end":{"line":567,"column":null}},"146":{"start":{"line":623,"column":24},"end":{"line":630,"column":null}},"147":{"start":{"line":681,"column":25},"end":{"line":681,"column":null}},"148":{"start":{"line":682,"column":12},"end":{"line":689,"column":null}},"149":{"start":{"line":687,"column":31},"end":{"line":687,"column":null}},"150":{"start":{"line":699,"column":17},"end":{"line":704,"column":null}},"151":{"start":{"line":706,"column":16},"end":{"line":708,"column":null}},"152":{"start":{"line":710,"column":2},"end":{"line":743,"column":null}},"153":{"start":{"line":713,"column":8},"end":{"line":719,"column":null}},"154":{"start":{"line":722,"column":8},"end":{"line":741,"column":null}}},"fnMap":{"0":{"name":"(anonymous_0)","decl":{"start":{"line":33,"column":42},"end":{"line":33,"column":46}},"loc":{"start":{"line":33,"column":56},"end":{"line":39,"column":2}},"line":33},"1":{"name":"NavIcon","decl":{"start":{"line":41,"column":9},"end":{"line":41,"column":17}},"loc":{"start":{"line":48,"column":3},"end":{"line":83,"column":null}},"line":48},"2":{"name":"RightPanel","decl":{"start":{"line":85,"column":16},"end":{"line":85,"column":27}},"loc":{"start":{"line":85,"column":117},"end":{"line":696,"column":null}},"line":85},"3":{"name":"(anonymous_3)","decl":{"start":{"line":115,"column":2},"end":{"line":115,"column":18}},"loc":{"start":{"line":115,"column":18},"end":{"line":117,"column":5}},"line":115},"4":{"name":"(anonymous_4)","decl":{"start":{"line":120,"column":27},"end":{"line":120,"column":39}},"loc":{"start":{"line":120,"column":39},"end":{"line":138,"column":null}},"line":120},"5":{"name":"(anonymous_5)","decl":{"start":{"line":140,"column":29},"end":{"line":140,"column":36}},"loc":{"start":{"line":140,"column":52},"end":{"line":155,"column":null}},"line":140},"6":{"name":"(anonymous_6)","decl":{"start":{"line":158,"column":25},"end":{"line":158,"column":37}},"loc":{"start":{"line":158,"column":37},"end":{"line":174,"column":null}},"line":158},"7":{"name":"(anonymous_7)","decl":{"start":{"line":176,"column":23},"end":{"line":176,"column":30}},"loc":{"start":{"line":176,"column":46},"end":{"line":191,"column":null}},"line":176},"8":{"name":"(anonymous_8)","decl":{"start":{"line":193,"column":2},"end":{"line":193,"column":18}},"loc":{"start":{"line":193,"column":18},"end":{"line":197,"column":5}},"line":193},"9":{"name":"(anonymous_9)","decl":{"start":{"line":199,"column":2},"end":{"line":199,"column":18}},"loc":{"start":{"line":199,"column":18},"end":{"line":203,"column":5}},"line":199},"10":{"name":"(anonymous_10)","decl":{"start":{"line":205,"column":2},"end":{"line":205,"column":18}},"loc":{"start":{"line":205,"column":18},"end":{"line":211,"column":5}},"line":205},"11":{"name":"(anonymous_11)","decl":{"start":{"line":213,"column":2},"end":{"line":213,"column":18}},"loc":{"start":{"line":213,"column":18},"end":{"line":219,"column":5}},"line":213},"12":{"name":"(anonymous_12)","decl":{"start":{"line":221,"column":31},"end":{"line":221,"column":38}},"loc":{"start":{"line":221,"column":61},"end":{"line":241,"column":null}},"line":221},"13":{"name":"handleTabClick","decl":{"start":{"line":243,"column":11},"end":{"line":243,"column":26}},"loc":{"start":{"line":243,"column":40},"end":{"line":251,"column":null}},"line":243},"14":{"name":"(anonymous_14)","decl":{"start":{"line":244,"column":4},"end":{"line":244,"column":22}},"loc":{"start":{"line":244,"column":30},"end":{"line":250,"column":5}},"line":244},"15":{"name":"(anonymous_15)","decl":{"start":{"line":253,"column":8},"end":{"line":253,"column":27}},"loc":{"start":{"line":253,"column":69},"end":{"line":263,"column":null}},"line":253},"16":{"name":"(anonymous_16)","decl":{"start":{"line":265,"column":8},"end":{"line":265,"column":25}},"loc":{"start":{"line":265,"column":43},"end":{"line":270,"column":null}},"line":265},"17":{"name":"(anonymous_17)","decl":{"start":{"line":272,"column":38},"end":{"line":272,"column":46}},"loc":{"start":{"line":272,"column":60},"end":{"line":275,"column":3}},"line":272},"18":{"name":"(anonymous_18)","decl":{"start":{"line":303,"column":10},"end":{"line":303,"column":25}},"loc":{"start":{"line":303,"column":25},"end":{"line":303,"column":null}},"line":303},"19":{"name":"(anonymous_19)","decl":{"start":{"line":308,"column":10},"end":{"line":308,"column":25}},"loc":{"start":{"line":308,"column":25},"end":{"line":308,"column":null}},"line":308},"20":{"name":"(anonymous_20)","decl":{"start":{"line":313,"column":10},"end":{"line":313,"column":25}},"loc":{"start":{"line":313,"column":25},"end":{"line":313,"column":null}},"line":313},"21":{"name":"(anonymous_21)","decl":{"start":{"line":333,"column":10},"end":{"line":333,"column":25}},"loc":{"start":{"line":333,"column":25},"end":{"line":333,"column":null}},"line":333},"22":{"name":"(anonymous_22)","decl":{"start":{"line":338,"column":10},"end":{"line":338,"column":25}},"loc":{"start":{"line":338,"column":25},"end":{"line":338,"column":null}},"line":338},"23":{"name":"(anonymous_23)","decl":{"start":{"line":343,"column":10},"end":{"line":343,"column":25}},"loc":{"start":{"line":343,"column":25},"end":{"line":343,"column":null}},"line":343},"24":{"name":"(anonymous_24)","decl":{"start":{"line":348,"column":10},"end":{"line":348,"column":25}},"loc":{"start":{"line":348,"column":25},"end":{"line":348,"column":null}},"line":348},"25":{"name":"(anonymous_25)","decl":{"start":{"line":386,"column":62},"end":{"line":386,"column":67}},"loc":{"start":{"line":387,"column":24},"end":{"line":400,"column":null}},"line":387},"26":{"name":"(anonymous_26)","decl":{"start":{"line":389,"column":26},"end":{"line":389,"column":41}},"loc":{"start":{"line":389,"column":41},"end":{"line":392,"column":null}},"line":389},"27":{"name":"(anonymous_27)","decl":{"start":{"line":413,"column":28},"end":{"line":413,"column":39}},"loc":{"start":{"line":413,"column":45},"end":{"line":413,"column":null}},"line":413},"28":{"name":"(anonymous_28)","decl":{"start":{"line":434,"column":42},"end":{"line":434,"column":47}},"loc":{"start":{"line":435,"column":30},"end":{"line":448,"column":null}},"line":435},"29":{"name":"(anonymous_29)","decl":{"start":{"line":437,"column":32},"end":{"line":437,"column":47}},"loc":{"start":{"line":437,"column":47},"end":{"line":443,"column":null}},"line":437},"30":{"name":"(anonymous_30)","decl":{"start":{"line":464,"column":32},"end":{"line":464,"column":47}},"loc":{"start":{"line":464,"column":47},"end":{"line":464,"column":null}},"line":464},"31":{"name":"(anonymous_31)","decl":{"start":{"line":493,"column":45},"end":{"line":493,"column":50}},"loc":{"start":{"line":494,"column":34},"end":{"line":504,"column":null}},"line":494},"32":
[...]
:60},"end":{"line":119,"column":null}},"line":117},"6":{"name":"(anonymous_6)","decl":{"start":{"line":118,"column":4},"end":{"line":118,"column":14}},"loc":{"start":{"line":118,"column":23},"end":{"line":118,"column":49}},"line":118},"7":{"name":"(anonymous_7)","decl":{"start":{"line":121,"column":24},"end":{"line":121,"column":31}},"loc":{"start":{"line":121,"column":54},"end":{"line":249,"column":null}},"line":121},"8":{"name":"(anonymous_8)","decl":{"start":{"line":142,"column":26},"end":{"line":142,"column":34}},"loc":{"start":{"line":142,"column":39},"end":{"line":151,"column":7}},"line":142},"9":{"name":"(anonymous_9)","decl":{"start":{"line":157,"column":34},"end":{"line":157,"column":48}},"loc":{"start":{"line":157,"column":68},"end":{"line":240,"column":7}},"line":157},"10":{"name":"(anonymous_10)","decl":{"start":{"line":164,"column":14},"end":{"line":164,"column":30}},"loc":{"start":{"line":164,"column":30},"end":{"line":166,"column":null}},"line":164},"11":{"name":"(anonymous_11)","decl":{"start":{"line":168,"column":24},"end":{"line":168,"column":41}},"loc":{"start":{"line":168,"column":41},"end":{"line":171,"column":11}},"line":168},"12":{"name":"(anonymous_12)","decl":{"start":{"line":173,"column":37},"end":{"line":173,"column":50}},"loc":{"start":{"line":173,"column":62},"end":{"line":196,"column":9}},"line":173},"13":{"name":"(anonymous_13)","decl":{"start":{"line":191,"column":13},"end":{"line":191,"column":19}},"loc":{"start":{"line":191,"column":26},"end":{"line":195,"column":11}},"line":191},"14":{"name":"(anonymous_14)","decl":{"start":{"line":198,"column":48},"end":{"line":198,"column":55}},"loc":{"start":{"line":198,"column":67},"end":{"line":233,"column":9}},"line":198},"15":{"name":"(anonymous_15)","decl":{"start":{"line":216,"column":17},"end":{"line":216,"column":23}},"loc":{"start":{"line":216,"column":30},"end":{"line":220,"column":15}},"line":216},"16":{"name":"(anonymous_16)","decl":{"start":{"line":235,"column":20},"end":{"line":235,"column":36}},"loc":{"start":{"line":235,"column":36},"end":{"line":239,"column":null}},"line":235},"17":{"name":"(anonymous_17)","decl":{"start":{"line":289,"column":34},"end":{"line":289,"column":39}},"loc":{"start":{"line":289,"column":48},"end":{"line":308,"column":13}},"line":289},"18":{"name":"(anonymous_18)","decl":{"start":{"line":294,"column":18},"end":{"line":294,"column":33}},"loc":{"start":{"line":294,"column":33},"end":{"line":294,"column":null}},"line":294},"19":{"name":"(anonymous_19)","decl":{"start":{"line":329,"column":43},"end":{"line":329,"column":48}},"loc":{"start":{"line":330,"column":24},"end":{"line":350,"column":null}},"line":330},"20":{"name":"(anonymous_20)","decl":{"start":{"line":335,"column":30},"end":{"line":335,"column":41}},"loc":{"start":{"line":335,"column":47},"end":{"line":335,"column":null}},"line":335},"21":{"name":"(anonymous_21)","decl":{"start":{"line":338,"column":49},"end":{"line":338,"column":54}},"loc":{"start":{"line":339,"column":32},"end":{"line":339,"column":null}},"line":339},"22":{"name":"(anonymous_22)","decl":{"start":{"line":346,"column":30},"end":{"line":346,"column":41}},"loc":{"start":{"line":346,"column":47},"end":{"line":346,"column":null}},"line":346}},"branchMap":{"0":{"loc":{"start":{"line":94,"column":22},"end":{"line":94,"column":null}},"type":"binary-expr","locations":[{"start":{"line":94,"column":22},"end":{"line":94,"column":31}},{"start":{"line":94,"column":31},"end":{"line":94,"column":42}},{"start":{"line":94,"column":42},"end":{"line":94,"column":66}},{"start":{"line":94,"column":66},"end":{"line":94,"column":null}}],"line":94},"1":{"loc":{"start":{"line":96,"column":23},"end":{"line":96,"column":50}},"type":"cond-expr","locations":[{"start":{"line":96,"column":30},"end":{"line":96,"column":41}},{"start":{"line":96,"column":41},"end":{"line":96,"column":50}}],"line":96},"2":{"loc":{"start":{"line":123,"column":4},"end":{"line":123,"column":null}},"type":"if","locations":[{"start":{"line":123,"column":4},"end":{"line":123,"column":null}},{"start":{},"end":{}}],"line":123},"3":{"loc":{"start":{"line":133,"column":8},"end":{"line":136,"column":null}},"type":"if","locations":[{"start":{"line":133,"column":8},"end":{"line":136,"column":null}},{"start":{},"end":{}}],"line":133},"4":{"loc":{"start":{"line":135,"column":10},"end":{"line":135,"column":null}},"type":"if","locations":[{"start":{"line":135,"column":10},"end":{"line":135,"column":null}},{"start":{},"end":{}}],"line":135},"5":{"loc":{"start":{"line":143,"column":22},"end":{"line":143,"column":null}},"type":"binary-expr","locations":[{"start":{"line":143,"column":22},"end":{"line":143,"column":39}},{"start":{"line":143,"column":39},"end":{"line":143,"column":null}}],"line":143},"6":{"loc":{"start":{"line":144,"column":8},"end":{"line":150,"column":null}},"type":"if","locations":[{"start":{"line":144,"column":8},"end":{"line":150,"column":null}},{"start":{"line":146,"column":15},"end":{"line":150,"column":null}}],"line":144},"7":{"loc":{"start":{"line":146,"column":15},"end":{"line":150,"column":null}},"type":"if","locations":[{"start":{"line":146,"column":15},"end":{"line":150,"column":null}},{"start":{"line":148,"column":15},"end":{"line":150,"column":null}}],"line":146},"8":{"loc":{"start":{"line":158,"column":127},"end":{"line":158,"column":149}},"type":"binary-expr","locations":[{"start":{"line":158,"column":127},"end":{"line":158,"column":140}},{"start":{"line":158,"column":140},"end":{"line":158,"column":149}}],"line":158},"9":{"loc":{"start":{"line":201,"column":12},"end":{"line":229,"column":null}},"type":"if","locations":[{"start":{"line":201,"column":12},"end":{"line":229,"column":null}},{"start":{"line":221,"column":19},"end":{"line":229,"column":null}}],"line":201},"10":{"loc":{"start":{"line":221,"column":19},"end":{"line":229,"column":null}},"type":"if","locations":[{"start":{"line":221,"column":19},"end":{"line":229,"column":null}},{"start":{},"end":{}}],"line":221},"11":{"loc":{"start":{"line":224,"column":14},"end":{"line":228,"column":null}},"type":"if","locations":[{"start":{"line":224,"column":14},"end":{"line":228,"column":null}},{"start":{"line":226,"column":21},"end":{"line":228,"column":null}}],"line":224},"12":{"loc":{"start":{"line":225,"column":33},"end":{"line":225,"column":89}},"type":"binary-expr","locations":[{"start":{"line":225,"column":33},"end":{"line":225,"column":59}},{"start":{"line":225,"column":59},"end":{"line":225,"column":89}}],"line":225},"13":{"loc":{"start":{"line":245,"column":40},"end":{"line":245,"column":73}},"type":"binary-expr","locations":[{"start":{"line":245,"column":40},"end":{"line":245,"column":55}},{"start":{"line":245,"column":55},"end":{"line":245,"column":73}}],"line":245},"14":{"loc":{"start":{"line":265,"column":53},"end":{"line":265,"column":227}},"type":"cond-expr","locations":[{"start":{"line":265,"column":65},"end":{"line":265,"column":119}},{"start":{"line":265,"column":119},"end":{"line":265,"column":227}}],"line":265},"15":{"loc":{"start":{"line":265,"column":119},"end":{"line":265,"column":227}},"type":"cond-expr","locations":[{"start":{"line":265,"column":141},"end":{"line":265,"column":193}},{"start":{"line":265,"column":193},"end":{"line":265,"column":227}}],"line":265},"16":{"loc":{"start":{"line":267,"column":29},"end":{"line":267,"column":null}},"type":"cond-expr","locations":[{"start":{"line":267,"column":41},"end":{"line":267,"column":60}},{"start":{"line":267,"column":60},"end":{"line":267,"column":null}}],"line":267},"17":{"loc":{"start":{"line":267,"column":60},"end":{"line":267,"column":null}},"type":"cond-expr","locations":[{"start":{"line":267,"column":82},"end":{"line":267,"column":99}},{"start":{"line":267,"column":99},"end":{"line":267,"column":null}}],"line":267},"18":{"loc":{"start":{"line":296,"column":20},"end":{"line":298,"column":null}},"type":"cond-expr","locations":[{"start":{"line":297,"column":24},"end":{"line":297,"column":null}},{"start":{"line":298,"column":24},"end":{"line":298,"column":null}}],"line":296},"19":{"loc":{"start":{"line":314,"column":11},"end":{"line":384,"column":null}},"type":"cond-expr","locations":[{"start":{"line":315,"column":12},"end":{"line":379,"column":13}},{"start":{"line":379,"column":12},"end":{"line":384,"column":null}}],"line":314},"20":{"loc":{"start":{"line":325,"column":17},"end":{"line":360,"column":17}},"type":"cond-expr","locations":[{"start":{"line":326,"column":18},"end":{"line":355,"column":19}},{"start":{"line":355,"column":18},"end":{"line":360,"column":17}}],"line":325},"21":{"loc":{"start":{"line":331,"column":86},"end":{"line":331,"column":110}},"type":"binary-expr","locations":[{"start":{"line":331,"column":86},"end":{"line":331,"column":97}},{"start":{"line":331,"column":97},"end":{"line":331,"column":110}}],"line":331},"22":{"loc":{"start":{"line":332,"column":27},"end":{"line":350,"column":null}},"type":"cond-expr","locations":[{"start":{"line":333,"column":28},"end":{"line":343,"column":29}},{"start":{"line":343,"column":28},"end":{"line":350,"column":null}}],"line":332},"23":{"loc":{"start":{"line":334,"column":37},"end":{"line":334,"column":null}},"type":"binary-expr","locations":[{"start":{"line":334,"column":37},"end":{"line":334,"column":54}},{"start":{"line":334,"column":54},"end":{"line":334,"column":null}}],"line":334},"24":{"loc":{"start":{"line":338,"column":32},"end":{"line":338,"column":49}},"type":"binary-expr","locations":[{"start":{"line":338,"column":32},"end":{"line":338,"column":45}},{"start":{"line":338,"column":45},"end":{"line":338,"column":49}}],"line":338},"25":{"loc":{"start":{"line":345,"column":37},"end":{"line":345,"column":null}},"type":"binary-expr","locations":[{"start":{"line":345,"column":37},"end":{"line":345,"column":54}},{"start":{"line":345,"column":54},"end":{"line":345,"column":null}}],"line":345},"26":{"loc":{"start":{"line":365,"column":45},"end":{"line":365,"column":80}},"type":"cond-expr","locations":[{"start":{"line":365,"column":57},"end":{"line":365,"column":75}},{"start":{"line":365,"column":75},"end":{"line":365,"column":80}}],"line":365},"27":{"loc":{"start":{"line":365,"column":83},"end":{"line":365,"column":null}},"type":"cond-expr","locations":[{"start":{"line":365,"column":95},"end":{"line":365,"column":112}},{"start":{"line":365,"column":112},"end":{"line":365,"column":null}}],"line":365},"28":{"loc":{"start":{"line":369,"column":15},"end":{"line":375,"column":null}},"type":"binary-expr","locations":[{"start":{"line":369,"column":15},"end":{"line":369,"column":null}},{"start":{"line":370,"column":16},"end":{"line":375,"column":null}}],"line":369}},"s":{"0":2,"1":8,"2":8,"3":8,"4":8,"5":8,"6":8,"7":8,"8":8,"9":4,"10":4,"11":4,"12":4,"13":4,"14":4,"15":4,"16":0,"17":0,"18":8,"19":4,"20":8,"21":0,"22":0,"23":0,"24":0,"25":0,"26":0,"27":8,"28":0,"29":0,"30":8,"31":0,"32":0,"33":0,"34":0,"35":0,"36":0,"37":0,"38":0,"39":0,"40":0,"41":0,"42":0,"43":0,"44":0,"45":0,"46":0,"47":0,"48":0,"49":0,"50":0,"51":0,"52":0,"53":0,"54":0,"55":0,"56":0,"57":0,"58":0,"59":0,"60":0,"61":0,"62":0,"63":0,"64":0,"65":0,"66":0,"67":0,"68":0,"69":0,"70":0,"71":0,"72":0,"73":0,"74":0,"75":0,"76":0,"77":0,"78":0,"79":0,"80":0,"81":0,"82":0,"83":0,"84":0,"85":0,"86":0,"87":0,"88":0,"89":0,"90":0,"91":0,"92":0,"93":0,"94":0,"95":0,"96":0,"97":8,"98":91,"99":91,"100":0,"101":0,"102":0,"103":0,"104":0},"f":{"0":8,"1":4,"2":4,"3":0,"4":0,"5":0,"6":0,"7":0,"8":0,"9":0,"10":0,"11":0,"12":0,"13":0,"14":0,"15":0,"16":0,"17":91,"18":0,"19":0,"20":0,"21":0,"22":0},"b":{"0":[4,4,3,3],"1":[1,3],"2":[0,0],"3":[0,0],"4":[0,0],"5":[0,0],"6":[0,0],"7":[0,0],"8":[0,0],"9":[0,0],"10":[0,0],"11":[0,0],"12":[0,0],"13":[0,0],"14":[1,6],"15":[2,4],"16":[1,6],"17":[2,4],"18":[0,91],"19":[0,7],"20":[0,0],"21":[0,0],"22":[0,0],"23":[0,0],"24":[0,0],"25":[0,0],"26":[0,0],"27":[0,0],"28":[0,0]},"meta":{"lastBranch":29,"lastFunction":23,"lastStatement":105,"seen":{"s:19:40:69:Infinity":0,"f:77:16:77:30":0,"s:78:23:78:Infinity":1,"s:79:17:79:Infinity":2,"s:80:17:80:Infinity":3,"s:81:20:81:Infinity":4,"s:82:24:82:Infinity":5,"s:83:20:83:Infinity":6,"s:85:18:85:Infinity":7,"s:87:28:101:Infinity":8,"f:87:28:87:40":1,"s:88:4:100:Infinity":9,"s:89:6:89:Infinity":10,"s:90:18:92:Infinity":11,"s:93:19:93:Infinity":12,"s:94:19:94:Infinity":13,"b:94:22:94:31:94:31:94:42:94:42:94:66:94:66:94:Infinity":0,"s:95:6:95:Infinity":14,"s:96:6:96:Infinity":15,"b:96:30:96:41:96:41:96:50":1,"s:98:6:98:Infinity":16,"s:99:6:99:Infinity":17,"s:103:2:105:Infinity":18,"f:103:2:103:18":2,"s:104:4:104:Infinity":19,"s:107:8:115:Infinity":20,"f:107:8:107:28":3,"s:108:4:108:Infinity":21,"s:109:50:109:Infinity":22,"s:110:4:112:Infinity":23,"f:110:16:110:24":4,"s:111:6:111:Infinity":24,"s:113:4:113:Infinity":25,"s:114:4:114:Infinity":26,"s:117:8:119:Infinity":27,"f:117:8:117:29":5,"s:118:4:118:Infinity":28,"f:118:4:118:14":6,"s:118:23:118:49":29,"s:121:24:249:Infinity":30,"f:121:24:121:31":7,"s:122:4:122:Infinity":31,"b:123:4:123:Infinity:undefined:undefined:undefined:undefined":2,"s:123:4:123:Infinity":32,"s:123:23:123:Infinity":33,"s:124:4:124:Infinity":34,"s:125:4:125:Infinity":35,"s:127:4:248:Infinity":36,"s:128:17:128:Infinity":37,"s:129:6:139:Infinity":38,"s:130:20:132:Infinity":39,"b:133:8:136:Infinity:undefined:undefined:undefined:undefined":3,"s:133:8:136:Infinity":40,"s:134:23:134:Infinity":41,"b:135:10:135:Infinity:undefined:undefined:undefined:undefined":4,"s:135:10:135:Infinity":42,"s:135:25:135:Infinity":43,"s:138:8:138:Infinity":44,"s:141:54:141:Infinity":45,"s:142:6:151:Infinity":46,"f:142:26:142:34":8,"s:143:22:143:Infinity":47,"b:143:22:143:39:143:39:143:Infinity":5,"b:144:8:150:Infinity:146:15:150:Infinity":6,"s:144:8:150:Infinity":48,"s:145:10:145:Infinity":49,"b:146:15:150:Infinity:148:15:150:Infinity":7,"s:146:15:150:Infinity":50,"s:147:10:147:Infinity":51,"s:149:10:149:Infinity":52,"s:153:21:153:Infinity":53,"s:154:19:154:Infinity":54,"s:155:23:155:Infinity":55,"s:157:24:240:Infinity":56,"f:157:34:157:48":9,"s:158:23:158:Infinity":57,"b:158:127:158:140:158:140:158:149":8,"s:159:28:159:Infinity":58,"s:160:25:160:Infinity":59,"s:161:24:161:Infinity":60,"s:162:21:162:Infinity":61,"s:164:14:166:Infinity":62,"f:164:14:164:30":10,"s:165:10:165:Infinity":63,"s:168:24:171:Infinity":64,"f:168:24:168:41":11,"s:169:10:169:Infinity":65,"s:170:10:170:Infinity":66,"s:173:8:196:Infinity":67,"f:173:37:173:50":12,"s:174:10:174:Infinity":68,"s:176:30:185:Infinity":69,"s:187:10:195:Infinity":70,"f:191:13:191:19":13,"s:192:12:192:Infinity":71,"s:193:12:193:Infinity":72,"s:194:12:194:Infinity":73,"s:198:8:233:Infinity":74,"f:198:48:198:55":14,"s:199:10:232:Infinity":75,"s:200:29:200:Infinity":76,"b:201:12:229:Infinity:221:19:229:Infinity":9,"s:201:12:229:Infinity":77,"s:202:34:210:Infinity":78,"s:212:14:220:Infinity":79,"f:216:17:216:23":15,"s:217:16:217:Infinity":80,"s:218:16:218:Infinity":81,"s:219:16:219:Infinity":82,"b:221:19:229:Infinity:undefined:undefined:undefined:undefined":10,"s:221:19:229:Infinity":83,"s:222:14:222:Infinity":84,"s:223:14:223:Infinity":85,"b:224:14:228:Infinity:226:21:228:Infinity":11,"s:224:14:228:Infinity":86,"s:225:16:225:Infinity":87,"b:225:33:225:59:225:59:225:89":12,"s:227:16:227:Infinity":88,"s:231:12:231:Infinity":89,"s:235:8:239:Infinity":90,"f:235:20:235:36":16,"s:236:10:236:Infinity":91,"s:237:10:237:Infinity":92,"s:238:10:238:Infinity":93,"s:242:6:242:Infinity":94,"s:245:6:245:Infinity":95,"b:245:40:245:55:245:55:245:73":13,"s:247:6:247:Infinity":96,"s:251:2:388:Infinity":97,"b:265:65:265:119:265:119:265:227":14,"b:265:141:265:193:265:193:265:227":15,"b:267:41:267:60:267:60:267:Infinity":16,"b:267:82:267:99:267:99:267:Infinity":17,"f:289:34:289:39":17,"s:290:33:290:Infinity":98,"s:291:14:306:Infinity":99,"f:294:18:294:33":18,"s:294:33:294:Infinity":100,"b:297:24:297:Infinity:298:24:298:Infinity":18,"b:315:12:379:13:379:12:384:Infinity":19,"b:326:18:355:19:355:18:360:17":20,"f:329:43:329:48":19,"s:330:24:350:Infinity":101,"b:331:86:331:97:331:97:331:110":21,"b:333:28:343:29:343:28:350:Infinity":22,"b:334:37:334:54:334:54:334:Infinity":23,"f:335:30:335:41":20,"s:335:47:335:Infinity":102,"b:338:32:338:45:338:45:338:49":24,"f:338:49:338:54":21,"s:339:32:339:Infinity":103,"b:345:37:345:54:345:54:345:Infinity":25,"f:346:30:346:41":22,"s:346:47:346:Infinity":104,"b:365:57:365:75:365:75:365:80":26,"b:365:95:365:112:365:112:365:Infinity":27,"b:369:15:369:Infinity:370:16:375:Infinity":28}}}
,"/Users/home/code/project-x/savant-olympus/src/renderer/services/auth.ts": {"path":"/Users/home/code/project-x/savant-olympus/src/renderer/services/auth.ts","statementMap":{"0":{"start":{"line":1,"column":42},"end":{"line":1,"column":null}},"1":{"start":{"line":4,"column":2},"end":{"line":4,"column":null}},"2":{"start":{"line":4,"column":37},"end":{"line":4,"column":null}},"3":{"start":{"line":5,"column":2},"end":{"line":5,"column":null}},"4":{"start":{"line":9,"column":2},"end":{"line":9,"column":null}},"5":{"start":{"line":9,"column":37},"end":{"line":9,"column":null}},"6":{"start":{"line":10,"column":18},"end":{"line":10,"column":null}},"7":{"start":{"line":11,"column":2},"end":{"line":15,"column":null}},"8":{"start":{"line":12,"column":4},"end":{"line":12,"column":null}},"9":{"start":{"line":14,"column":4},"end":{"line":14,"column":null}},"10":{"start":{"line":19,"column":2},"end":{"line":19,"column":null}},"11":{"start":{"line":19,"column":37},"end":{"line":19,"column":null}},"12":{"start":{"line":20,"column":2},"end":{"line":20,"column":null}}},"fnMap":{"0":{"name":"getStoredApiKey","decl":{"start":{"line":3,"column":16},"end":{"line":3,"column":34}},"loc":{"start":{"line":3,"column":34},"end":{"line":6,"column":null}},"line":3},"1":{"name":"setStoredApiKey","decl":{"start":{"line":8,"column":16},"end":{"line":8,"column":32}},"loc":{"start":{"line":8,"column":48},"end":{"line":16,"column":null}},"line":8},"2":{"name":"clearStoredApiKey","decl":{"start":{"line":18,"column":16},"end":{"line":18,"column":36}},"loc":{"start":{"line":18,"column":36},"end":{"line":21,"column":null}},"line":18}},"branchMap":{"0":{"loc":{"start":{"line":4,"column":2},"end":{"line":4,"column":null}},"type":"if","locations":[{"start":{"line":4,"column":2},"end":{"line":4,"column":null}},{"start":{},"end":{}}],"line":4},"1":{"loc":{"start":{"line":5,"column":9},"end":{"line":5,"column":null}},"type":"binary-expr","locations":[{"start":{"line":5,"column":9},"end":{"line":5,"column":68}},{"start":{"line":5,"column":68},"end":{"line":5,"column":null}}],"line":5},"2":{"loc":{"start":{"line":9,"column":2},"end":{"line":9,"column":null}},"type":"if","locations":[{"start":{"line":9,"column":2},"end":{"line":9,"column":null}},{"start":{},"end":{}}],"line":9},"3":{"loc":{"start":{"line":11,"column":2},"end":{"line":15,"column":null}},"type":"if","locations":[{"start":{"line":11,"column":2},"end":{"line":15,"column":null}},{"start":{"line":13,"column":9},"end":{"line":15,"column":null}}],"line":11},"4":{"loc":{"start":{"line":19,"column":2},"end":{"line":19,"column":null}},"type":"if","locations":[{"start":{"line":19,"column":2},"end":{"line":19,"column":null}},{"start":{},"end":{}}],"line":19}},"s":{"0":2,"1":17,"2":0,"3":17,"4":12,"5":0,"6":12,"7":12,"8":11,"9":1,"10":1,"11":0,"12":1},"f":{"0":17,"1":12,"2":1},"b":{"0":[0,17],"1":[17,2],"2":[0,12],"3":[11,1],"4":[0,1]},"meta":{"lastBranch":5,"lastFunction":3,"lastStatement":13,"seen":{"s:1:42:1:Infinity":0,"f:3:16:3:34":0,"b:4:2:4:Infinity:undefined:undefined:undefined:undefined":0,"s:4:2:4:Infinity":1,"s:4:37:4:Infinity":2,"s:5:2:5:Infinity":3,"b:5:9:5:68:5:68:5:Infinity":1,"f:8:16:8:32":1,"b:9:2:9:Infinity:undefined:undefined:undefined:undefined":2,"s:9:2:9:Infinity":4,"s:9:37:9:Infinity":5,"s:10:18:10:Infinity":6,"b:11:2:15:Infinity:13:9:15:Infinity":3,"s:11:2:15:Infinity":7,"s:12:4:12:Infinity":8,"s:14:4:14:Infinity":9,"f:18:16:18:36":2,"b:19:2:19:Infinity:undefined:undefined:undefined:undefined":4,"s:19:2:19:Infinity":10,"s:19:37:19:Infinity":11,"s:20:2:20:Infinity":12}}}
}
